{"C:\\Users\\User1\\Documents\\GitHub\\ES-2023-2024-LEI-Grupo-J\\docs\\scripts\\linenumber.js": {"path":"C:\\Users\\User1\\Documents\\GitHub\\ES-2023-2024-LEI-Grupo-J\\docs\\scripts\\linenumber.js","all":true,"statementMap":{"0":{"start":{"line":1,"column":0},"end":{"line":1,"column":20}},"1":{"start":{"line":2,"column":0},"end":{"line":2,"column":8}},"2":{"start":{"line":3,"column":0},"end":{"line":3,"column":82}},"3":{"start":{"line":4,"column":0},"end":{"line":4,"column":14}},"4":{"start":{"line":5,"column":0},"end":{"line":5,"column":23}},"5":{"start":{"line":6,"column":0},"end":{"line":6,"column":15}},"6":{"start":{"line":7,"column":0},"end":{"line":7,"column":14}},"7":{"start":{"line":8,"column":0},"end":{"line":8,"column":19}},"8":{"start":{"line":9,"column":0},"end":{"line":9,"column":19}},"9":{"start":{"line":10,"column":0},"end":{"line":10,"column":0}},"10":{"start":{"line":11,"column":0},"end":{"line":11,"column":30}},"11":{"start":{"line":12,"column":0},"end":{"line":12,"column":57}},"12":{"start":{"line":13,"column":0},"end":{"line":13,"column":53}},"13":{"start":{"line":14,"column":0},"end":{"line":14,"column":34}},"14":{"start":{"line":15,"column":0},"end":{"line":15,"column":0}},"15":{"start":{"line":16,"column":0},"end":{"line":16,"column":37}},"16":{"start":{"line":17,"column":0},"end":{"line":17,"column":25}},"17":{"start":{"line":18,"column":0},"end":{"line":18,"column":41}},"18":{"start":{"line":19,"column":0},"end":{"line":19,"column":33}},"19":{"start":{"line":20,"column":0},"end":{"line":20,"column":40}},"20":{"start":{"line":21,"column":0},"end":{"line":21,"column":50}},"21":{"start":{"line":22,"column":0},"end":{"line":22,"column":13}},"22":{"start":{"line":23,"column":0},"end":{"line":23,"column":9}},"23":{"start":{"line":24,"column":0},"end":{"line":24,"column":5}},"24":{"start":{"line":25,"column":0},"end":{"line":25,"column":5}}},"s":{"0":0,"1":0,"2":0,"3":0,"4":0,"5":0,"6":0,"7":0,"8":0,"9":0,"10":0,"11":0,"12":0,"13":0,"14":0,"15":0,"16":0,"17":0,"18":0,"19":0,"20":0,"21":0,"22":0,"23":0,"24":0},"branchMap":{"0":{"type":"branch","line":1,"loc":{"start":{"line":1,"column":694},"end":{"line":25,"column":5}},"locations":[{"start":{"line":1,"column":694},"end":{"line":25,"column":5}}]}},"b":{"0":[0]},"fnMap":{"0":{"name":"(empty-report)","decl":{"start":{"line":1,"column":694},"end":{"line":25,"column":5}},"loc":{"start":{"line":1,"column":694},"end":{"line":25,"column":5}},"line":1}},"f":{"0":0}}
,"C:\\Users\\User1\\Documents\\GitHub\\ES-2023-2024-LEI-Grupo-J\\docs\\scripts\\prettify\\lang-css.js": {"path":"C:\\Users\\User1\\Documents\\GitHub\\ES-2023-2024-LEI-Grupo-J\\docs\\scripts\\prettify\\lang-css.js","all":true,"statementMap":{"0":{"start":{"line":1,"column":0},"end":{"line":1,"column":469}},"1":{"start":{"line":2,"column":0},"end":{"line":2,"column":390}}},"s":{"0":0,"1":0},"branchMap":{"0":{"type":"branch","line":1,"loc":{"start":{"line":1,"column":861},"end":{"line":2,"column":390}},"locations":[{"start":{"line":1,"column":861},"end":{"line":2,"column":390}}]}},"b":{"0":[0]},"fnMap":{"0":{"name":"(empty-report)","decl":{"start":{"line":1,"column":861},"end":{"line":2,"column":390}},"loc":{"start":{"line":1,"column":861},"end":{"line":2,"column":390}},"line":1}},"f":{"0":0}}
,"C:\\Users\\User1\\Documents\\GitHub\\ES-2023-2024-LEI-Grupo-J\\docs\\scripts\\prettify\\prettify.js": {"path":"C:\\Users\\User1\\Documents\\GitHub\\ES-2023-2024-LEI-Grupo-J\\docs\\scripts\\prettify\\prettify.js","all":true,"statementMap":{"0":{"start":{"line":1,"column":0},"end":{"line":1,"column":48}},"1":{"start":{"line":2,"column":0},"end":{"line":2,"column":506}},"2":{"start":{"line":3,"column":0},"end":{"line":3,"column":503}},"3":{"start":{"line":4,"column":0},"end":{"line":4,"column":510}},"4":{"start":{"line":5,"column":0},"end":{"line":5,"column":512}},"5":{"start":{"line":6,"column":0},"end":{"line":6,"column":502}},"6":{"start":{"line":7,"column":0},"end":{"line":7,"column":509}},"7":{"start":{"line":8,"column":0},"end":{"line":8,"column":512}},"8":{"start":{"line":9,"column":0},"end":{"line":9,"column":563}},"9":{"start":{"line":10,"column":0},"end":{"line":10,"column":507}},"10":{"start":{"line":11,"column":0},"end":{"line":11,"column":528}},"11":{"start":{"line":12,"column":0},"end":{"line":12,"column":513}},"12":{"start":{"line":13,"column":0},"end":{"line":13,"column":516}},"13":{"start":{"line":14,"column":0},"end":{"line":14,"column":514}},"14":{"start":{"line":15,"column":0},"end":{"line":15,"column":507}},"15":{"start":{"line":16,"column":0},"end":{"line":16,"column":501}},"16":{"start":{"line":17,"column":0},"end":{"line":17,"column":520}},"17":{"start":{"line":18,"column":0},"end":{"line":18,"column":507}},"18":{"start":{"line":19,"column":0},"end":{"line":19,"column":511}},"19":{"start":{"line":20,"column":0},"end":{"line":20,"column":564}},"20":{"start":{"line":21,"column":0},"end":{"line":21,"column":506}},"21":{"start":{"line":22,"column":0},"end":{"line":22,"column":510}},"22":{"start":{"line":23,"column":0},"end":{"line":23,"column":506}},"23":{"start":{"line":24,"column":0},"end":{"line":24,"column":592}},"24":{"start":{"line":25,"column":0},"end":{"line":25,"column":501}},"25":{"start":{"line":26,"column":0},"end":{"line":26,"column":511}},"26":{"start":{"line":27,"column":0},"end":{"line":27,"column":506}},"27":{"start":{"line":28,"column":0},"end":{"line":28,"column":119}}},"s":{"0":0,"1":0,"2":0,"3":0,"4":0,"5":0,"6":0,"7":0,"8":0,"9":0,"10":0,"11":0,"12":0,"13":0,"14":0,"15":0,"16":0,"17":0,"18":0,"19":0,"20":0,"21":0,"22":0,"23":0,"24":0,"25":0,"26":0,"27":0},"branchMap":{"0":{"type":"branch","line":1,"loc":{"start":{"line":1,"column":13658},"end":{"line":28,"column":119}},"locations":[{"start":{"line":1,"column":13658},"end":{"line":28,"column":119}}]}},"b":{"0":[0]},"fnMap":{"0":{"name":"(empty-report)","decl":{"start":{"line":1,"column":13658},"end":{"line":28,"column":119}},"loc":{"start":{"line":1,"column":13658},"end":{"line":28,"column":119}},"line":1}},"f":{"0":0}}
,"C:\\Users\\User1\\Documents\\GitHub\\ES-2023-2024-LEI-Grupo-J\\js\\calcSemanas.js": {"path":"C:\\Users\\User1\\Documents\\GitHub\\ES-2023-2024-LEI-Grupo-J\\js\\calcSemanas.js","all":false,"statementMap":{"0":{"start":{"line":1,"column":0},"end":{"line":1,"column":35}},"1":{"start":{"line":2,"column":0},"end":{"line":2,"column":0}},"2":{"start":{"line":3,"column":0},"end":{"line":3,"column":0}},"3":{"start":{"line":4,"column":0},"end":{"line":4,"column":3}},"4":{"start":{"line":5,"column":0},"end":{"line":5,"column":97}},"5":{"start":{"line":6,"column":0},"end":{"line":6,"column":49}},"6":{"start":{"line":7,"column":0},"end":{"line":7,"column":73}},"7":{"start":{"line":8,"column":0},"end":{"line":8,"column":3}},"8":{"start":{"line":9,"column":0},"end":{"line":9,"column":33}},"9":{"start":{"line":10,"column":0},"end":{"line":10,"column":17}},"10":{"start":{"line":11,"column":0},"end":{"line":11,"column":0}},"11":{"start":{"line":12,"column":0},"end":{"line":12,"column":48}},"12":{"start":{"line":13,"column":0},"end":{"line":13,"column":30}},"13":{"start":{"line":14,"column":0},"end":{"line":14,"column":36}},"14":{"start":{"line":15,"column":0},"end":{"line":15,"column":20}},"15":{"start":{"line":16,"column":0},"end":{"line":16,"column":10}},"16":{"start":{"line":17,"column":0},"end":{"line":17,"column":26}},"17":{"start":{"line":18,"column":0},"end":{"line":18,"column":3}},"18":{"start":{"line":19,"column":0},"end":{"line":19,"column":0}},"19":{"start":{"line":20,"column":0},"end":{"line":20,"column":38}},"20":{"start":{"line":21,"column":0},"end":{"line":21,"column":44}},"21":{"start":{"line":22,"column":0},"end":{"line":22,"column":0}},"22":{"start":{"line":23,"column":0},"end":{"line":23,"column":40}},"23":{"start":{"line":24,"column":0},"end":{"line":24,"column":30}},"24":{"start":{"line":25,"column":0},"end":{"line":25,"column":42}},"25":{"start":{"line":26,"column":0},"end":{"line":26,"column":0}},"26":{"start":{"line":27,"column":0},"end":{"line":27,"column":44}},"27":{"start":{"line":28,"column":0},"end":{"line":28,"column":42}},"28":{"start":{"line":29,"column":0},"end":{"line":29,"column":59}},"29":{"start":{"line":30,"column":0},"end":{"line":30,"column":47}},"30":{"start":{"line":31,"column":0},"end":{"line":31,"column":0}},"31":{"start":{"line":32,"column":0},"end":{"line":32,"column":51}},"32":{"start":{"line":33,"column":0},"end":{"line":33,"column":39}},"33":{"start":{"line":34,"column":0},"end":{"line":34,"column":0}},"34":{"start":{"line":35,"column":0},"end":{"line":35,"column":53}},"35":{"start":{"line":36,"column":0},"end":{"line":36,"column":42}},"36":{"start":{"line":37,"column":0},"end":{"line":37,"column":24}},"37":{"start":{"line":38,"column":0},"end":{"line":38,"column":58}},"38":{"start":{"line":39,"column":0},"end":{"line":39,"column":30}},"39":{"start":{"line":40,"column":0},"end":{"line":40,"column":60}},"40":{"start":{"line":41,"column":0},"end":{"line":41,"column":3}},"41":{"start":{"line":42,"column":0},"end":{"line":42,"column":0}},"42":{"start":{"line":43,"column":0},"end":{"line":43,"column":54}},"43":{"start":{"line":44,"column":0},"end":{"line":44,"column":67}},"44":{"start":{"line":45,"column":0},"end":{"line":45,"column":71}},"45":{"start":{"line":46,"column":0},"end":{"line":46,"column":20}},"46":{"start":{"line":47,"column":0},"end":{"line":47,"column":1}},"47":{"start":{"line":48,"column":0},"end":{"line":48,"column":0}},"48":{"start":{"line":49,"column":0},"end":{"line":49,"column":3}},"49":{"start":{"line":50,"column":0},"end":{"line":50,"column":107}},"50":{"start":{"line":51,"column":0},"end":{"line":51,"column":71}},"51":{"start":{"line":52,"column":0},"end":{"line":52,"column":64}},"52":{"start":{"line":53,"column":0},"end":{"line":53,"column":3}},"53":{"start":{"line":54,"column":0},"end":{"line":54,"column":29}},"54":{"start":{"line":55,"column":0},"end":{"line":55,"column":41}},"55":{"start":{"line":56,"column":0},"end":{"line":56,"column":43}},"56":{"start":{"line":57,"column":0},"end":{"line":57,"column":71}},"57":{"start":{"line":58,"column":0},"end":{"line":58,"column":44}},"58":{"start":{"line":59,"column":0},"end":{"line":59,"column":44}},"59":{"start":{"line":60,"column":0},"end":{"line":60,"column":16}},"60":{"start":{"line":61,"column":0},"end":{"line":61,"column":1}},"61":{"start":{"line":62,"column":0},"end":{"line":62,"column":0}},"62":{"start":{"line":63,"column":0},"end":{"line":63,"column":3}},"63":{"start":{"line":64,"column":0},"end":{"line":64,"column":92}},"64":{"start":{"line":65,"column":0},"end":{"line":65,"column":49}},"65":{"start":{"line":66,"column":0},"end":{"line":66,"column":78}},"66":{"start":{"line":67,"column":0},"end":{"line":67,"column":3}},"67":{"start":{"line":68,"column":0},"end":{"line":68,"column":34}},"68":{"start":{"line":69,"column":0},"end":{"line":69,"column":50}},"69":{"start":{"line":70,"column":0},"end":{"line":70,"column":50}},"70":{"start":{"line":71,"column":0},"end":{"line":71,"column":50}},"71":{"start":{"line":72,"column":0},"end":{"line":72,"column":50}},"72":{"start":{"line":73,"column":0},"end":{"line":73,"column":40}},"73":{"start":{"line":74,"column":0},"end":{"line":74,"column":69}},"74":{"start":{"line":75,"column":0},"end":{"line":75,"column":101}},"75":{"start":{"line":76,"column":0},"end":{"line":76,"column":30}},"76":{"start":{"line":77,"column":0},"end":{"line":77,"column":78}},"77":{"start":{"line":78,"column":0},"end":{"line":78,"column":101}},"78":{"start":{"line":79,"column":0},"end":{"line":79,"column":30}},"79":{"start":{"line":80,"column":0},"end":{"line":80,"column":12}},"80":{"start":{"line":81,"column":0},"end":{"line":81,"column":39}},"81":{"start":{"line":82,"column":0},"end":{"line":82,"column":5}},"82":{"start":{"line":83,"column":0},"end":{"line":83,"column":0}},"83":{"start":{"line":84,"column":0},"end":{"line":84,"column":1}},"84":{"start":{"line":85,"column":0},"end":{"line":85,"column":0}},"85":{"start":{"line":86,"column":0},"end":{"line":86,"column":3}},"86":{"start":{"line":87,"column":0},"end":{"line":87,"column":114}},"87":{"start":{"line":88,"column":0},"end":{"line":88,"column":49}},"88":{"start":{"line":89,"column":0},"end":{"line":89,"column":73}},"89":{"start":{"line":90,"column":0},"end":{"line":90,"column":3}},"90":{"start":{"line":91,"column":0},"end":{"line":91,"column":29}},"91":{"start":{"line":92,"column":0},"end":{"line":92,"column":53}},"92":{"start":{"line":93,"column":0},"end":{"line":93,"column":16}},"93":{"start":{"line":94,"column":0},"end":{"line":94,"column":1}},"94":{"start":{"line":95,"column":0},"end":{"line":95,"column":0}},"95":{"start":{"line":96,"column":0},"end":{"line":96,"column":3}},"96":{"start":{"line":97,"column":0},"end":{"line":97,"column":79}},"97":{"start":{"line":98,"column":0},"end":{"line":98,"column":59}},"98":{"start":{"line":99,"column":0},"end":{"line":99,"column":55}},"99":{"start":{"line":100,"column":0},"end":{"line":100,"column":118}},"100":{"start":{"line":101,"column":0},"end":{"line":101,"column":3}},"101":{"start":{"line":102,"column":0},"end":{"line":102,"column":42}},"102":{"start":{"line":103,"column":0},"end":{"line":103,"column":22}},"103":{"start":{"line":104,"column":0},"end":{"line":104,"column":26}},"104":{"start":{"line":105,"column":0},"end":{"line":105,"column":56}},"105":{"start":{"line":106,"column":0},"end":{"line":106,"column":37}},"106":{"start":{"line":107,"column":0},"end":{"line":107,"column":30}},"107":{"start":{"line":108,"column":0},"end":{"line":108,"column":76}},"108":{"start":{"line":109,"column":0},"end":{"line":109,"column":5}},"109":{"start":{"line":110,"column":0},"end":{"line":110,"column":52}},"110":{"start":{"line":111,"column":0},"end":{"line":111,"column":3}},"111":{"start":{"line":112,"column":0},"end":{"line":112,"column":18}},"112":{"start":{"line":113,"column":0},"end":{"line":113,"column":1}},"113":{"start":{"line":114,"column":0},"end":{"line":114,"column":0}},"114":{"start":{"line":115,"column":0},"end":{"line":115,"column":83}},"115":{"start":{"line":116,"column":0},"end":{"line":116,"column":96}}},"s":{"0":1,"1":1,"2":1,"3":1,"4":1,"5":1,"6":1,"7":1,"8":5,"9":5,"10":5,"11":5,"12":0,"13":5,"14":5,"15":5,"16":0,"17":0,"18":5,"19":5,"20":5,"21":5,"22":5,"23":5,"24":5,"25":5,"26":5,"27":5,"28":5,"29":5,"30":5,"31":5,"32":5,"33":5,"34":5,"35":5,"36":5,"37":5,"38":5,"39":5,"40":5,"41":5,"42":5,"43":5,"44":5,"45":5,"46":5,"47":1,"48":1,"49":1,"50":1,"51":1,"52":1,"53":7,"54":7,"55":7,"56":7,"57":7,"58":7,"59":7,"60":7,"61":1,"62":1,"63":1,"64":1,"65":1,"66":1,"67":4,"68":4,"69":4,"70":4,"71":4,"72":4,"73":4,"74":2,"75":2,"76":2,"77":1,"78":1,"79":1,"80":1,"81":1,"82":4,"83":4,"84":1,"85":1,"86":1,"87":1,"88":1,"89":1,"90":2,"91":2,"92":2,"93":2,"94":1,"95":1,"96":1,"97":1,"98":1,"99":1,"100":1,"101":3,"102":3,"103":3,"104":3,"105":6,"106":6,"107":6,"108":6,"109":6,"110":6,"111":3,"112":3,"113":1,"114":1,"115":1},"branchMap":{"0":{"type":"branch","line":9,"loc":{"start":{"line":9,"column":0},"end":{"line":47,"column":1}},"locations":[{"start":{"line":9,"column":0},"end":{"line":47,"column":1}}]},"1":{"type":"branch","line":12,"loc":{"start":{"line":12,"column":31},"end":{"line":12,"column":45}},"locations":[{"start":{"line":12,"column":31},"end":{"line":12,"column":45}}]},"2":{"type":"branch","line":12,"loc":{"start":{"line":12,"column":47},"end":{"line":14,"column":3}},"locations":[{"start":{"line":12,"column":47},"end":{"line":14,"column":3}}]},"3":{"type":"branch","line":16,"loc":{"start":{"line":16,"column":3},"end":{"line":18,"column":3}},"locations":[{"start":{"line":16,"column":3},"end":{"line":18,"column":3}}]},"4":{"type":"branch","line":54,"loc":{"start":{"line":54,"column":0},"end":{"line":61,"column":1}},"locations":[{"start":{"line":54,"column":0},"end":{"line":61,"column":1}}]},"5":{"type":"branch","line":68,"loc":{"start":{"line":68,"column":0},"end":{"line":84,"column":1}},"locations":[{"start":{"line":68,"column":0},"end":{"line":84,"column":1}}]},"6":{"type":"branch","line":74,"loc":{"start":{"line":74,"column":68},"end":{"line":82,"column":5}},"locations":[{"start":{"line":74,"column":68},"end":{"line":82,"column":5}}]},"7":{"type":"branch","line":77,"loc":{"start":{"line":77,"column":77},"end":{"line":82,"column":5}},"locations":[{"start":{"line":77,"column":77},"end":{"line":82,"column":5}}]},"8":{"type":"branch","line":91,"loc":{"start":{"line":91,"column":0},"end":{"line":94,"column":1}},"locations":[{"start":{"line":91,"column":0},"end":{"line":94,"column":1}}]},"9":{"type":"branch","line":102,"loc":{"start":{"line":102,"column":0},"end":{"line":113,"column":1}},"locations":[{"start":{"line":102,"column":0},"end":{"line":113,"column":1}}]},"10":{"type":"branch","line":105,"loc":{"start":{"line":105,"column":55},"end":{"line":111,"column":3}},"locations":[{"start":{"line":105,"column":55},"end":{"line":111,"column":3}}]}},"b":{"0":[5],"1":[0],"2":[0],"3":[0],"4":[7],"5":[4],"6":[2],"7":[1],"8":[2],"9":[3],"10":[6]},"fnMap":{"0":{"name":"currentWeekNumber","decl":{"start":{"line":9,"column":0},"end":{"line":47,"column":1}},"loc":{"start":{"line":9,"column":0},"end":{"line":47,"column":1}},"line":9},"1":{"name":"turnToDate","decl":{"start":{"line":54,"column":0},"end":{"line":61,"column":1}},"loc":{"start":{"line":54,"column":0},"end":{"line":61,"column":1}},"line":54},"2":{"name":"giveSemanaSemestre","decl":{"start":{"line":68,"column":0},"end":{"line":84,"column":1}},"loc":{"start":{"line":68,"column":0},"end":{"line":84,"column":1}},"line":68},"3":{"name":"giveSemanaAno","decl":{"start":{"line":91,"column":0},"end":{"line":94,"column":1}},"loc":{"start":{"line":91,"column":0},"end":{"line":94,"column":1}},"line":91},"4":{"name":"getArrayDatesBetween","decl":{"start":{"line":102,"column":0},"end":{"line":113,"column":1}},"loc":{"start":{"line":102,"column":0},"end":{"line":113,"column":1}},"line":102}},"f":{"0":5,"1":7,"2":4,"3":2,"4":3}}
,"C:\\Users\\User1\\Documents\\GitHub\\ES-2023-2024-LEI-Grupo-J\\js\\filters.js": {"path":"C:\\Users\\User1\\Documents\\GitHub\\ES-2023-2024-LEI-Grupo-J\\js\\filters.js","all":false,"statementMap":{"0":{"start":{"line":1,"column":0},"end":{"line":1,"column":3}},"1":{"start":{"line":2,"column":0},"end":{"line":2,"column":52}},"2":{"start":{"line":3,"column":0},"end":{"line":3,"column":89}},"3":{"start":{"line":4,"column":0},"end":{"line":4,"column":73}},"4":{"start":{"line":5,"column":0},"end":{"line":5,"column":3}},"5":{"start":{"line":6,"column":0},"end":{"line":6,"column":46}},"6":{"start":{"line":7,"column":0},"end":{"line":7,"column":25}},"7":{"start":{"line":8,"column":0},"end":{"line":8,"column":48}},"8":{"start":{"line":9,"column":0},"end":{"line":9,"column":36}},"9":{"start":{"line":10,"column":0},"end":{"line":10,"column":26}},"10":{"start":{"line":11,"column":0},"end":{"line":11,"column":51}},"11":{"start":{"line":12,"column":0},"end":{"line":12,"column":43}},"12":{"start":{"line":13,"column":0},"end":{"line":13,"column":103}},"13":{"start":{"line":14,"column":0},"end":{"line":14,"column":42}},"14":{"start":{"line":15,"column":0},"end":{"line":15,"column":37}},"15":{"start":{"line":16,"column":0},"end":{"line":16,"column":13}},"16":{"start":{"line":17,"column":0},"end":{"line":17,"column":9}},"17":{"start":{"line":18,"column":0},"end":{"line":18,"column":26}},"18":{"start":{"line":19,"column":0},"end":{"line":19,"column":39}},"19":{"start":{"line":20,"column":0},"end":{"line":20,"column":33}},"20":{"start":{"line":21,"column":0},"end":{"line":21,"column":9}},"21":{"start":{"line":22,"column":0},"end":{"line":22,"column":5}},"22":{"start":{"line":23,"column":0},"end":{"line":23,"column":22}},"23":{"start":{"line":24,"column":0},"end":{"line":24,"column":45}},"24":{"start":{"line":25,"column":0},"end":{"line":25,"column":1}},"25":{"start":{"line":26,"column":0},"end":{"line":26,"column":0}},"26":{"start":{"line":27,"column":0},"end":{"line":27,"column":3}},"27":{"start":{"line":28,"column":0},"end":{"line":28,"column":40}},"28":{"start":{"line":29,"column":0},"end":{"line":29,"column":41}},"29":{"start":{"line":30,"column":0},"end":{"line":30,"column":79}},"30":{"start":{"line":31,"column":0},"end":{"line":31,"column":90}},"31":{"start":{"line":32,"column":0},"end":{"line":32,"column":3}},"32":{"start":{"line":33,"column":0},"end":{"line":33,"column":33}},"33":{"start":{"line":34,"column":0},"end":{"line":34,"column":21}},"34":{"start":{"line":35,"column":0},"end":{"line":35,"column":1}},"35":{"start":{"line":36,"column":0},"end":{"line":36,"column":0}},"36":{"start":{"line":37,"column":0},"end":{"line":37,"column":3}},"37":{"start":{"line":38,"column":0},"end":{"line":38,"column":74}},"38":{"start":{"line":39,"column":0},"end":{"line":39,"column":82}},"39":{"start":{"line":40,"column":0},"end":{"line":40,"column":81}},"40":{"start":{"line":41,"column":0},"end":{"line":41,"column":3}},"41":{"start":{"line":42,"column":0},"end":{"line":42,"column":30}},"42":{"start":{"line":43,"column":0},"end":{"line":43,"column":90}},"43":{"start":{"line":44,"column":0},"end":{"line":44,"column":96}},"44":{"start":{"line":45,"column":0},"end":{"line":45,"column":87}},"45":{"start":{"line":46,"column":0},"end":{"line":46,"column":80}},"46":{"start":{"line":47,"column":0},"end":{"line":47,"column":74}},"47":{"start":{"line":48,"column":0},"end":{"line":48,"column":87}},"48":{"start":{"line":49,"column":0},"end":{"line":49,"column":91}},"49":{"start":{"line":50,"column":0},"end":{"line":50,"column":4}},"50":{"start":{"line":51,"column":0},"end":{"line":51,"column":27}},"51":{"start":{"line":52,"column":0},"end":{"line":52,"column":1}},"52":{"start":{"line":53,"column":0},"end":{"line":53,"column":0}},"53":{"start":{"line":54,"column":0},"end":{"line":54,"column":0}},"54":{"start":{"line":55,"column":0},"end":{"line":55,"column":62}}},"s":{"0":1,"1":1,"2":1,"3":1,"4":1,"5":1,"6":1,"7":1,"8":0,"9":0,"10":0,"11":0,"12":0,"13":0,"14":0,"15":0,"16":0,"17":0,"18":0,"19":0,"20":0,"21":0,"22":1,"23":1,"24":1,"25":1,"26":1,"27":1,"28":1,"29":1,"30":1,"31":1,"32":1,"33":1,"34":1,"35":1,"36":1,"37":1,"38":1,"39":1,"40":1,"41":1,"42":1,"43":1,"44":1,"45":1,"46":1,"47":1,"48":1,"49":1,"50":1,"51":1,"52":1,"53":1,"54":1},"branchMap":{"0":{"type":"branch","line":6,"loc":{"start":{"line":6,"column":0},"end":{"line":25,"column":1}},"locations":[{"start":{"line":6,"column":0},"end":{"line":25,"column":1}}]},"1":{"type":"branch","line":8,"loc":{"start":{"line":8,"column":47},"end":{"line":22,"column":5}},"locations":[{"start":{"line":8,"column":47},"end":{"line":22,"column":5}}]},"2":{"type":"branch","line":33,"loc":{"start":{"line":33,"column":0},"end":{"line":35,"column":1}},"locations":[{"start":{"line":33,"column":0},"end":{"line":35,"column":1}}]},"3":{"type":"branch","line":42,"loc":{"start":{"line":42,"column":0},"end":{"line":52,"column":1}},"locations":[{"start":{"line":42,"column":0},"end":{"line":52,"column":1}}]}},"b":{"0":[1],"1":[0],"2":[1],"3":[1]},"fnMap":{"0":{"name":"generateFilterExpression","decl":{"start":{"line":6,"column":0},"end":{"line":25,"column":1}},"loc":{"start":{"line":6,"column":0},"end":{"line":25,"column":1}},"line":6},"1":{"name":"customFilter","decl":{"start":{"line":33,"column":0},"end":{"line":35,"column":1}},"loc":{"start":{"line":33,"column":0},"end":{"line":35,"column":1}},"line":33},"2":{"name":"formatString","decl":{"start":{"line":42,"column":0},"end":{"line":52,"column":1}},"loc":{"start":{"line":42,"column":0},"end":{"line":52,"column":1}},"line":42}},"f":{"0":1,"1":1,"2":1}}
,"C:\\Users\\User1\\Documents\\GitHub\\ES-2023-2024-LEI-Grupo-J\\js\\horario.js": {"path":"C:\\Users\\User1\\Documents\\GitHub\\ES-2023-2024-LEI-Grupo-J\\js\\horario.js","all":true,"statementMap":{"0":{"start":{"line":1,"column":0},"end":{"line":1,"column":62}},"1":{"start":{"line":2,"column":0},"end":{"line":2,"column":150}},"2":{"start":{"line":3,"column":0},"end":{"line":3,"column":81}},"3":{"start":{"line":4,"column":0},"end":{"line":4,"column":0}},"4":{"start":{"line":5,"column":0},"end":{"line":5,"column":0}},"5":{"start":{"line":6,"column":0},"end":{"line":6,"column":245}},"6":{"start":{"line":7,"column":0},"end":{"line":7,"column":406}},"7":{"start":{"line":8,"column":0},"end":{"line":8,"column":35}},"8":{"start":{"line":9,"column":0},"end":{"line":9,"column":43}},"9":{"start":{"line":10,"column":0},"end":{"line":10,"column":154}},"10":{"start":{"line":11,"column":0},"end":{"line":11,"column":34}},"11":{"start":{"line":12,"column":0},"end":{"line":12,"column":0}},"12":{"start":{"line":13,"column":0},"end":{"line":13,"column":0}},"13":{"start":{"line":14,"column":0},"end":{"line":14,"column":30}},"14":{"start":{"line":15,"column":0},"end":{"line":15,"column":39}},"15":{"start":{"line":16,"column":0},"end":{"line":16,"column":0}},"16":{"start":{"line":17,"column":0},"end":{"line":17,"column":40}},"17":{"start":{"line":18,"column":0},"end":{"line":18,"column":45}},"18":{"start":{"line":19,"column":0},"end":{"line":19,"column":58}},"19":{"start":{"line":20,"column":0},"end":{"line":20,"column":54}},"20":{"start":{"line":21,"column":0},"end":{"line":21,"column":0}},"21":{"start":{"line":22,"column":0},"end":{"line":22,"column":67}},"22":{"start":{"line":23,"column":0},"end":{"line":23,"column":81}},"23":{"start":{"line":24,"column":0},"end":{"line":24,"column":42}},"24":{"start":{"line":25,"column":0},"end":{"line":25,"column":37}},"25":{"start":{"line":26,"column":0},"end":{"line":26,"column":36}},"26":{"start":{"line":27,"column":0},"end":{"line":27,"column":39}},"27":{"start":{"line":28,"column":0},"end":{"line":28,"column":150}},"28":{"start":{"line":29,"column":0},"end":{"line":29,"column":0}},"29":{"start":{"line":30,"column":0},"end":{"line":30,"column":46}},"30":{"start":{"line":31,"column":0},"end":{"line":31,"column":24}},"31":{"start":{"line":32,"column":0},"end":{"line":32,"column":23}},"32":{"start":{"line":33,"column":0},"end":{"line":33,"column":44}},"33":{"start":{"line":34,"column":0},"end":{"line":34,"column":30}},"34":{"start":{"line":35,"column":0},"end":{"line":35,"column":51}},"35":{"start":{"line":36,"column":0},"end":{"line":36,"column":3}},"36":{"start":{"line":37,"column":0},"end":{"line":37,"column":0}},"37":{"start":{"line":38,"column":0},"end":{"line":38,"column":0}},"38":{"start":{"line":39,"column":0},"end":{"line":39,"column":0}},"39":{"start":{"line":40,"column":0},"end":{"line":40,"column":59}},"40":{"start":{"line":41,"column":0},"end":{"line":41,"column":65}},"41":{"start":{"line":42,"column":0},"end":{"line":42,"column":61}},"42":{"start":{"line":43,"column":0},"end":{"line":43,"column":75}},"43":{"start":{"line":44,"column":0},"end":{"line":44,"column":61}},"44":{"start":{"line":45,"column":0},"end":{"line":45,"column":76}},"45":{"start":{"line":46,"column":0},"end":{"line":46,"column":38}},"46":{"start":{"line":47,"column":0},"end":{"line":47,"column":7}},"47":{"start":{"line":48,"column":0},"end":{"line":48,"column":63}},"48":{"start":{"line":49,"column":0},"end":{"line":49,"column":61}},"49":{"start":{"line":50,"column":0},"end":{"line":50,"column":32}},"50":{"start":{"line":51,"column":0},"end":{"line":51,"column":6}},"51":{"start":{"line":52,"column":0},"end":{"line":52,"column":73}},"52":{"start":{"line":53,"column":0},"end":{"line":53,"column":66}},"53":{"start":{"line":54,"column":0},"end":{"line":54,"column":32}},"54":{"start":{"line":55,"column":0},"end":{"line":55,"column":6}},"55":{"start":{"line":56,"column":0},"end":{"line":56,"column":3}},"56":{"start":{"line":57,"column":0},"end":{"line":57,"column":0}},"57":{"start":{"line":58,"column":0},"end":{"line":58,"column":3}},"58":{"start":{"line":59,"column":0},"end":{"line":59,"column":88}},"59":{"start":{"line":60,"column":0},"end":{"line":60,"column":3}},"60":{"start":{"line":61,"column":0},"end":{"line":61,"column":32}},"61":{"start":{"line":62,"column":0},"end":{"line":62,"column":18}},"62":{"start":{"line":63,"column":0},"end":{"line":63,"column":19}},"63":{"start":{"line":64,"column":0},"end":{"line":64,"column":35}},"64":{"start":{"line":65,"column":0},"end":{"line":65,"column":42}},"65":{"start":{"line":66,"column":0},"end":{"line":66,"column":39}},"66":{"start":{"line":67,"column":0},"end":{"line":67,"column":47}},"67":{"start":{"line":68,"column":0},"end":{"line":68,"column":43}},"68":{"start":{"line":69,"column":0},"end":{"line":69,"column":12}},"69":{"start":{"line":70,"column":0},"end":{"line":70,"column":26}},"70":{"start":{"line":71,"column":0},"end":{"line":71,"column":5}},"71":{"start":{"line":72,"column":0},"end":{"line":72,"column":73}},"72":{"start":{"line":73,"column":0},"end":{"line":73,"column":84}},"73":{"start":{"line":74,"column":0},"end":{"line":74,"column":96}},"74":{"start":{"line":75,"column":0},"end":{"line":75,"column":106}},"75":{"start":{"line":76,"column":0},"end":{"line":76,"column":41}},"76":{"start":{"line":77,"column":0},"end":{"line":77,"column":35}},"77":{"start":{"line":78,"column":0},"end":{"line":78,"column":39}},"78":{"start":{"line":79,"column":0},"end":{"line":79,"column":39}},"79":{"start":{"line":80,"column":0},"end":{"line":80,"column":44}},"80":{"start":{"line":81,"column":0},"end":{"line":81,"column":1}},"81":{"start":{"line":82,"column":0},"end":{"line":82,"column":0}},"82":{"start":{"line":83,"column":0},"end":{"line":83,"column":3}},"83":{"start":{"line":84,"column":0},"end":{"line":84,"column":65}},"84":{"start":{"line":85,"column":0},"end":{"line":85,"column":70}},"85":{"start":{"line":86,"column":0},"end":{"line":86,"column":3}},"86":{"start":{"line":87,"column":0},"end":{"line":87,"column":24}},"87":{"start":{"line":88,"column":0},"end":{"line":88,"column":28}},"88":{"start":{"line":89,"column":0},"end":{"line":89,"column":40}},"89":{"start":{"line":90,"column":0},"end":{"line":90,"column":5}},"90":{"start":{"line":91,"column":0},"end":{"line":91,"column":1}},"91":{"start":{"line":92,"column":0},"end":{"line":92,"column":0}},"92":{"start":{"line":93,"column":0},"end":{"line":93,"column":3}},"93":{"start":{"line":94,"column":0},"end":{"line":94,"column":72}},"94":{"start":{"line":95,"column":0},"end":{"line":95,"column":3}},"95":{"start":{"line":96,"column":0},"end":{"line":96,"column":26}},"96":{"start":{"line":97,"column":0},"end":{"line":97,"column":16}},"97":{"start":{"line":98,"column":0},"end":{"line":98,"column":21}},"98":{"start":{"line":99,"column":0},"end":{"line":99,"column":36}},"99":{"start":{"line":100,"column":0},"end":{"line":100,"column":12}},"100":{"start":{"line":101,"column":0},"end":{"line":101,"column":58}},"101":{"start":{"line":102,"column":0},"end":{"line":102,"column":38}},"102":{"start":{"line":103,"column":0},"end":{"line":103,"column":19}},"103":{"start":{"line":104,"column":0},"end":{"line":104,"column":46}},"104":{"start":{"line":105,"column":0},"end":{"line":105,"column":22}},"105":{"start":{"line":106,"column":0},"end":{"line":106,"column":19}},"106":{"start":{"line":107,"column":0},"end":{"line":107,"column":40}},"107":{"start":{"line":108,"column":0},"end":{"line":108,"column":55}},"108":{"start":{"line":109,"column":0},"end":{"line":109,"column":52}},"109":{"start":{"line":110,"column":0},"end":{"line":110,"column":43}},"110":{"start":{"line":111,"column":0},"end":{"line":111,"column":22}},"111":{"start":{"line":112,"column":0},"end":{"line":112,"column":20}},"112":{"start":{"line":113,"column":0},"end":{"line":113,"column":52}},"113":{"start":{"line":114,"column":0},"end":{"line":114,"column":9}},"114":{"start":{"line":115,"column":0},"end":{"line":115,"column":5}},"115":{"start":{"line":116,"column":0},"end":{"line":116,"column":1}},"116":{"start":{"line":117,"column":0},"end":{"line":117,"column":0}},"117":{"start":{"line":118,"column":0},"end":{"line":118,"column":3}},"118":{"start":{"line":119,"column":0},"end":{"line":119,"column":115}},"119":{"start":{"line":120,"column":0},"end":{"line":120,"column":86}},"120":{"start":{"line":121,"column":0},"end":{"line":121,"column":115}},"121":{"start":{"line":122,"column":0},"end":{"line":122,"column":3}},"122":{"start":{"line":123,"column":0},"end":{"line":123,"column":58}},"123":{"start":{"line":124,"column":0},"end":{"line":124,"column":22}},"124":{"start":{"line":125,"column":0},"end":{"line":125,"column":69}},"125":{"start":{"line":126,"column":0},"end":{"line":126,"column":35}},"126":{"start":{"line":127,"column":0},"end":{"line":127,"column":54}},"127":{"start":{"line":128,"column":0},"end":{"line":128,"column":0}},"128":{"start":{"line":129,"column":0},"end":{"line":129,"column":54}},"129":{"start":{"line":130,"column":0},"end":{"line":130,"column":7}},"130":{"start":{"line":131,"column":0},"end":{"line":131,"column":66}},"131":{"start":{"line":132,"column":0},"end":{"line":132,"column":35}},"132":{"start":{"line":133,"column":0},"end":{"line":133,"column":59}},"133":{"start":{"line":134,"column":0},"end":{"line":134,"column":0}},"134":{"start":{"line":135,"column":0},"end":{"line":135,"column":42}},"135":{"start":{"line":136,"column":0},"end":{"line":136,"column":7}},"136":{"start":{"line":137,"column":0},"end":{"line":137,"column":1}},"137":{"start":{"line":138,"column":0},"end":{"line":138,"column":0}},"138":{"start":{"line":139,"column":0},"end":{"line":139,"column":3}},"139":{"start":{"line":140,"column":0},"end":{"line":140,"column":76}},"140":{"start":{"line":141,"column":0},"end":{"line":141,"column":52}},"141":{"start":{"line":142,"column":0},"end":{"line":142,"column":3}},"142":{"start":{"line":143,"column":0},"end":{"line":143,"column":37}},"143":{"start":{"line":144,"column":0},"end":{"line":144,"column":40}},"144":{"start":{"line":145,"column":0},"end":{"line":145,"column":44}},"145":{"start":{"line":146,"column":0},"end":{"line":146,"column":45}},"146":{"start":{"line":147,"column":0},"end":{"line":147,"column":0}},"147":{"start":{"line":148,"column":0},"end":{"line":148,"column":29}},"148":{"start":{"line":149,"column":0},"end":{"line":149,"column":29}},"149":{"start":{"line":150,"column":0},"end":{"line":150,"column":29}},"150":{"start":{"line":151,"column":0},"end":{"line":151,"column":1}},"151":{"start":{"line":152,"column":0},"end":{"line":152,"column":0}},"152":{"start":{"line":153,"column":0},"end":{"line":153,"column":3}},"153":{"start":{"line":154,"column":0},"end":{"line":154,"column":68}},"154":{"start":{"line":155,"column":0},"end":{"line":155,"column":3}},"155":{"start":{"line":156,"column":0},"end":{"line":156,"column":31}},"156":{"start":{"line":157,"column":0},"end":{"line":157,"column":22}},"157":{"start":{"line":158,"column":0},"end":{"line":158,"column":152}},"158":{"start":{"line":159,"column":0},"end":{"line":159,"column":42}},"159":{"start":{"line":160,"column":0},"end":{"line":160,"column":0}},"160":{"start":{"line":161,"column":0},"end":{"line":161,"column":170}},"161":{"start":{"line":162,"column":0},"end":{"line":162,"column":42}},"162":{"start":{"line":163,"column":0},"end":{"line":163,"column":0}},"163":{"start":{"line":164,"column":0},"end":{"line":164,"column":153}},"164":{"start":{"line":165,"column":0},"end":{"line":165,"column":42}},"165":{"start":{"line":166,"column":0},"end":{"line":166,"column":0}},"166":{"start":{"line":167,"column":0},"end":{"line":167,"column":171}},"167":{"start":{"line":168,"column":0},"end":{"line":168,"column":43}},"168":{"start":{"line":169,"column":0},"end":{"line":169,"column":0}},"169":{"start":{"line":170,"column":0},"end":{"line":170,"column":80}},"170":{"start":{"line":171,"column":0},"end":{"line":171,"column":34}},"171":{"start":{"line":172,"column":0},"end":{"line":172,"column":1}},"172":{"start":{"line":173,"column":0},"end":{"line":173,"column":0}},"173":{"start":{"line":174,"column":0},"end":{"line":174,"column":3}},"174":{"start":{"line":175,"column":0},"end":{"line":175,"column":65}},"175":{"start":{"line":176,"column":0},"end":{"line":176,"column":3}},"176":{"start":{"line":177,"column":0},"end":{"line":177,"column":27}},"177":{"start":{"line":178,"column":0},"end":{"line":178,"column":24}},"178":{"start":{"line":179,"column":0},"end":{"line":179,"column":27}},"179":{"start":{"line":180,"column":0},"end":{"line":180,"column":1}},"180":{"start":{"line":181,"column":0},"end":{"line":181,"column":0}},"181":{"start":{"line":182,"column":0},"end":{"line":182,"column":3}},"182":{"start":{"line":183,"column":0},"end":{"line":183,"column":112}},"183":{"start":{"line":184,"column":0},"end":{"line":184,"column":64}},"184":{"start":{"line":185,"column":0},"end":{"line":185,"column":73}},"185":{"start":{"line":186,"column":0},"end":{"line":186,"column":67}},"186":{"start":{"line":187,"column":0},"end":{"line":187,"column":3}},"187":{"start":{"line":188,"column":0},"end":{"line":188,"column":67}},"188":{"start":{"line":189,"column":0},"end":{"line":189,"column":22}},"189":{"start":{"line":190,"column":0},"end":{"line":190,"column":43}},"190":{"start":{"line":191,"column":0},"end":{"line":191,"column":56}},"191":{"start":{"line":192,"column":0},"end":{"line":192,"column":29}},"192":{"start":{"line":193,"column":0},"end":{"line":193,"column":90}},"193":{"start":{"line":194,"column":0},"end":{"line":194,"column":38}},"194":{"start":{"line":195,"column":0},"end":{"line":195,"column":1}},"195":{"start":{"line":196,"column":0},"end":{"line":196,"column":0}},"196":{"start":{"line":197,"column":0},"end":{"line":197,"column":3}},"197":{"start":{"line":198,"column":0},"end":{"line":198,"column":61}},"198":{"start":{"line":199,"column":0},"end":{"line":199,"column":63}},"199":{"start":{"line":200,"column":0},"end":{"line":200,"column":3}},"200":{"start":{"line":201,"column":0},"end":{"line":201,"column":38}},"201":{"start":{"line":202,"column":0},"end":{"line":202,"column":31}},"202":{"start":{"line":203,"column":0},"end":{"line":203,"column":49}},"203":{"start":{"line":204,"column":0},"end":{"line":204,"column":12}},"204":{"start":{"line":205,"column":0},"end":{"line":205,"column":53}},"205":{"start":{"line":206,"column":0},"end":{"line":206,"column":31}},"206":{"start":{"line":207,"column":0},"end":{"line":207,"column":5}},"207":{"start":{"line":208,"column":0},"end":{"line":208,"column":1}},"208":{"start":{"line":209,"column":0},"end":{"line":209,"column":0}},"209":{"start":{"line":210,"column":0},"end":{"line":210,"column":3}},"210":{"start":{"line":211,"column":0},"end":{"line":211,"column":66}},"211":{"start":{"line":212,"column":0},"end":{"line":212,"column":34}},"212":{"start":{"line":213,"column":0},"end":{"line":213,"column":3}},"213":{"start":{"line":214,"column":0},"end":{"line":214,"column":39}},"214":{"start":{"line":215,"column":0},"end":{"line":215,"column":31}},"215":{"start":{"line":216,"column":0},"end":{"line":216,"column":42}},"216":{"start":{"line":217,"column":0},"end":{"line":217,"column":12}},"217":{"start":{"line":218,"column":0},"end":{"line":218,"column":26}},"218":{"start":{"line":219,"column":0},"end":{"line":219,"column":31}},"219":{"start":{"line":220,"column":0},"end":{"line":220,"column":5}},"220":{"start":{"line":221,"column":0},"end":{"line":221,"column":1}},"221":{"start":{"line":222,"column":0},"end":{"line":222,"column":0}},"222":{"start":{"line":223,"column":0},"end":{"line":223,"column":3}},"223":{"start":{"line":224,"column":0},"end":{"line":224,"column":67}},"224":{"start":{"line":225,"column":0},"end":{"line":225,"column":34}},"225":{"start":{"line":226,"column":0},"end":{"line":226,"column":3}},"226":{"start":{"line":227,"column":0},"end":{"line":227,"column":38}},"227":{"start":{"line":228,"column":0},"end":{"line":228,"column":31}},"228":{"start":{"line":229,"column":0},"end":{"line":229,"column":42}},"229":{"start":{"line":230,"column":0},"end":{"line":230,"column":12}},"230":{"start":{"line":231,"column":0},"end":{"line":231,"column":28}},"231":{"start":{"line":232,"column":0},"end":{"line":232,"column":37}},"232":{"start":{"line":233,"column":0},"end":{"line":233,"column":31}},"233":{"start":{"line":234,"column":0},"end":{"line":234,"column":5}},"234":{"start":{"line":235,"column":0},"end":{"line":235,"column":0}},"235":{"start":{"line":236,"column":0},"end":{"line":236,"column":1}},"236":{"start":{"line":237,"column":0},"end":{"line":237,"column":0}},"237":{"start":{"line":238,"column":0},"end":{"line":238,"column":3}},"238":{"start":{"line":239,"column":0},"end":{"line":239,"column":64}},"239":{"start":{"line":240,"column":0},"end":{"line":240,"column":34}},"240":{"start":{"line":241,"column":0},"end":{"line":241,"column":3}},"241":{"start":{"line":242,"column":0},"end":{"line":242,"column":37}},"242":{"start":{"line":243,"column":0},"end":{"line":243,"column":31}},"243":{"start":{"line":244,"column":0},"end":{"line":244,"column":49}},"244":{"start":{"line":245,"column":0},"end":{"line":245,"column":12}},"245":{"start":{"line":246,"column":0},"end":{"line":246,"column":28}},"246":{"start":{"line":247,"column":0},"end":{"line":247,"column":64}},"247":{"start":{"line":248,"column":0},"end":{"line":248,"column":31}},"248":{"start":{"line":249,"column":0},"end":{"line":249,"column":5}},"249":{"start":{"line":250,"column":0},"end":{"line":250,"column":1}},"250":{"start":{"line":251,"column":0},"end":{"line":251,"column":0}},"251":{"start":{"line":252,"column":0},"end":{"line":252,"column":3}},"252":{"start":{"line":253,"column":0},"end":{"line":253,"column":65}},"253":{"start":{"line":254,"column":0},"end":{"line":254,"column":3}},"254":{"start":{"line":255,"column":0},"end":{"line":255,"column":33}},"255":{"start":{"line":256,"column":0},"end":{"line":256,"column":25}},"256":{"start":{"line":257,"column":0},"end":{"line":257,"column":31}},"257":{"start":{"line":258,"column":0},"end":{"line":258,"column":32}},"258":{"start":{"line":259,"column":0},"end":{"line":259,"column":12}},"259":{"start":{"line":260,"column":0},"end":{"line":260,"column":26}},"260":{"start":{"line":261,"column":0},"end":{"line":261,"column":57}},"261":{"start":{"line":262,"column":0},"end":{"line":262,"column":69}},"262":{"start":{"line":263,"column":0},"end":{"line":263,"column":74}},"263":{"start":{"line":264,"column":0},"end":{"line":264,"column":81}},"264":{"start":{"line":265,"column":0},"end":{"line":265,"column":93}},"265":{"start":{"line":266,"column":0},"end":{"line":266,"column":37}},"266":{"start":{"line":267,"column":0},"end":{"line":267,"column":38}},"267":{"start":{"line":268,"column":0},"end":{"line":268,"column":42}},"268":{"start":{"line":269,"column":0},"end":{"line":269,"column":44}},"269":{"start":{"line":270,"column":0},"end":{"line":270,"column":5}},"270":{"start":{"line":271,"column":0},"end":{"line":271,"column":1}},"271":{"start":{"line":272,"column":0},"end":{"line":272,"column":0}},"272":{"start":{"line":273,"column":0},"end":{"line":273,"column":3}},"273":{"start":{"line":274,"column":0},"end":{"line":274,"column":58}},"274":{"start":{"line":275,"column":0},"end":{"line":275,"column":3}},"275":{"start":{"line":276,"column":0},"end":{"line":276,"column":26}},"276":{"start":{"line":277,"column":0},"end":{"line":277,"column":19}},"277":{"start":{"line":278,"column":0},"end":{"line":278,"column":26}},"278":{"start":{"line":279,"column":0},"end":{"line":279,"column":1}},"279":{"start":{"line":280,"column":0},"end":{"line":280,"column":0}},"280":{"start":{"line":281,"column":0},"end":{"line":281,"column":3}},"281":{"start":{"line":282,"column":0},"end":{"line":282,"column":61}},"282":{"start":{"line":283,"column":0},"end":{"line":283,"column":3}},"283":{"start":{"line":284,"column":0},"end":{"line":284,"column":27}},"284":{"start":{"line":285,"column":0},"end":{"line":285,"column":95}},"285":{"start":{"line":286,"column":0},"end":{"line":286,"column":120}},"286":{"start":{"line":287,"column":0},"end":{"line":287,"column":31}},"287":{"start":{"line":288,"column":0},"end":{"line":288,"column":26}},"288":{"start":{"line":289,"column":0},"end":{"line":289,"column":1}},"289":{"start":{"line":290,"column":0},"end":{"line":290,"column":0}},"290":{"start":{"line":291,"column":0},"end":{"line":291,"column":3}},"291":{"start":{"line":292,"column":0},"end":{"line":292,"column":52}},"292":{"start":{"line":293,"column":0},"end":{"line":293,"column":3}},"293":{"start":{"line":294,"column":0},"end":{"line":294,"column":31}},"294":{"start":{"line":295,"column":0},"end":{"line":295,"column":22}},"295":{"start":{"line":296,"column":0},"end":{"line":296,"column":46}},"296":{"start":{"line":297,"column":0},"end":{"line":297,"column":78}},"297":{"start":{"line":298,"column":0},"end":{"line":298,"column":36}},"298":{"start":{"line":299,"column":0},"end":{"line":299,"column":95}},"299":{"start":{"line":300,"column":0},"end":{"line":300,"column":38}},"300":{"start":{"line":301,"column":0},"end":{"line":301,"column":1}},"301":{"start":{"line":302,"column":0},"end":{"line":302,"column":0}},"302":{"start":{"line":303,"column":0},"end":{"line":303,"column":3}},"303":{"start":{"line":304,"column":0},"end":{"line":304,"column":48}},"304":{"start":{"line":305,"column":0},"end":{"line":305,"column":40}},"305":{"start":{"line":306,"column":0},"end":{"line":306,"column":35}},"306":{"start":{"line":307,"column":0},"end":{"line":307,"column":3}},"307":{"start":{"line":308,"column":0},"end":{"line":308,"column":47}},"308":{"start":{"line":309,"column":0},"end":{"line":309,"column":26}},"309":{"start":{"line":310,"column":0},"end":{"line":310,"column":23}},"310":{"start":{"line":311,"column":0},"end":{"line":311,"column":24}},"311":{"start":{"line":312,"column":0},"end":{"line":312,"column":37}},"312":{"start":{"line":313,"column":0},"end":{"line":313,"column":34}},"313":{"start":{"line":314,"column":0},"end":{"line":314,"column":24}},"314":{"start":{"line":315,"column":0},"end":{"line":315,"column":31}},"315":{"start":{"line":316,"column":0},"end":{"line":316,"column":34}},"316":{"start":{"line":317,"column":0},"end":{"line":317,"column":16}},"317":{"start":{"line":318,"column":0},"end":{"line":318,"column":58}},"318":{"start":{"line":319,"column":0},"end":{"line":319,"column":9}},"319":{"start":{"line":320,"column":0},"end":{"line":320,"column":12}},"320":{"start":{"line":321,"column":0},"end":{"line":321,"column":41}},"321":{"start":{"line":322,"column":0},"end":{"line":322,"column":5}},"322":{"start":{"line":323,"column":0},"end":{"line":323,"column":1}},"323":{"start":{"line":324,"column":0},"end":{"line":324,"column":0}},"324":{"start":{"line":325,"column":0},"end":{"line":325,"column":3}},"325":{"start":{"line":326,"column":0},"end":{"line":326,"column":64}},"326":{"start":{"line":327,"column":0},"end":{"line":327,"column":3}},"327":{"start":{"line":328,"column":0},"end":{"line":328,"column":34}},"328":{"start":{"line":329,"column":0},"end":{"line":329,"column":25}},"329":{"start":{"line":330,"column":0},"end":{"line":330,"column":26}},"330":{"start":{"line":331,"column":0},"end":{"line":331,"column":1}},"331":{"start":{"line":332,"column":0},"end":{"line":332,"column":0}},"332":{"start":{"line":333,"column":0},"end":{"line":333,"column":3}},"333":{"start":{"line":334,"column":0},"end":{"line":334,"column":65}},"334":{"start":{"line":335,"column":0},"end":{"line":335,"column":3}},"335":{"start":{"line":336,"column":0},"end":{"line":336,"column":32}},"336":{"start":{"line":337,"column":0},"end":{"line":337,"column":22}},"337":{"start":{"line":338,"column":0},"end":{"line":338,"column":61}},"338":{"start":{"line":339,"column":0},"end":{"line":339,"column":83}},"339":{"start":{"line":340,"column":0},"end":{"line":340,"column":36}},"340":{"start":{"line":341,"column":0},"end":{"line":341,"column":73}},"341":{"start":{"line":342,"column":0},"end":{"line":342,"column":36}},"342":{"start":{"line":343,"column":0},"end":{"line":343,"column":59}},"343":{"start":{"line":344,"column":0},"end":{"line":344,"column":32}},"344":{"start":{"line":345,"column":0},"end":{"line":345,"column":80}},"345":{"start":{"line":346,"column":0},"end":{"line":346,"column":38}},"346":{"start":{"line":347,"column":0},"end":{"line":347,"column":0}},"347":{"start":{"line":348,"column":0},"end":{"line":348,"column":1}},"348":{"start":{"line":349,"column":0},"end":{"line":349,"column":0}},"349":{"start":{"line":350,"column":0},"end":{"line":350,"column":3}},"350":{"start":{"line":351,"column":0},"end":{"line":351,"column":74}},"351":{"start":{"line":352,"column":0},"end":{"line":352,"column":3}},"352":{"start":{"line":353,"column":0},"end":{"line":353,"column":29}},"353":{"start":{"line":354,"column":0},"end":{"line":354,"column":22}},"354":{"start":{"line":355,"column":0},"end":{"line":355,"column":77}},"355":{"start":{"line":356,"column":0},"end":{"line":356,"column":61}},"356":{"start":{"line":357,"column":0},"end":{"line":357,"column":61}},"357":{"start":{"line":358,"column":0},"end":{"line":358,"column":61}},"358":{"start":{"line":359,"column":0},"end":{"line":359,"column":94}},"359":{"start":{"line":360,"column":0},"end":{"line":360,"column":32}},"360":{"start":{"line":361,"column":0},"end":{"line":361,"column":1}},"361":{"start":{"line":362,"column":0},"end":{"line":362,"column":0}},"362":{"start":{"line":363,"column":0},"end":{"line":363,"column":3}},"363":{"start":{"line":364,"column":0},"end":{"line":364,"column":84}},"364":{"start":{"line":365,"column":0},"end":{"line":365,"column":34}},"365":{"start":{"line":366,"column":0},"end":{"line":366,"column":3}},"366":{"start":{"line":367,"column":0},"end":{"line":367,"column":42}},"367":{"start":{"line":368,"column":0},"end":{"line":368,"column":25}},"368":{"start":{"line":369,"column":0},"end":{"line":369,"column":31}},"369":{"start":{"line":370,"column":0},"end":{"line":370,"column":25}},"370":{"start":{"line":371,"column":0},"end":{"line":371,"column":25}},"371":{"start":{"line":372,"column":0},"end":{"line":372,"column":90}},"372":{"start":{"line":373,"column":0},"end":{"line":373,"column":22}},"373":{"start":{"line":374,"column":0},"end":{"line":374,"column":25}},"374":{"start":{"line":375,"column":0},"end":{"line":375,"column":90}},"375":{"start":{"line":376,"column":0},"end":{"line":376,"column":22}},"376":{"start":{"line":377,"column":0},"end":{"line":377,"column":25}},"377":{"start":{"line":378,"column":0},"end":{"line":378,"column":90}},"378":{"start":{"line":379,"column":0},"end":{"line":379,"column":22}},"379":{"start":{"line":380,"column":0},"end":{"line":380,"column":9}},"380":{"start":{"line":381,"column":0},"end":{"line":381,"column":7}},"381":{"start":{"line":382,"column":0},"end":{"line":382,"column":39}},"382":{"start":{"line":383,"column":0},"end":{"line":383,"column":36}},"383":{"start":{"line":384,"column":0},"end":{"line":384,"column":56}},"384":{"start":{"line":385,"column":0},"end":{"line":385,"column":27}},"385":{"start":{"line":386,"column":0},"end":{"line":386,"column":12}},"386":{"start":{"line":387,"column":0},"end":{"line":387,"column":34}},"387":{"start":{"line":388,"column":0},"end":{"line":388,"column":26}},"388":{"start":{"line":389,"column":0},"end":{"line":389,"column":36}},"389":{"start":{"line":390,"column":0},"end":{"line":390,"column":16}},"390":{"start":{"line":391,"column":0},"end":{"line":391,"column":28}},"391":{"start":{"line":392,"column":0},"end":{"line":392,"column":9}},"392":{"start":{"line":393,"column":0},"end":{"line":393,"column":31}},"393":{"start":{"line":394,"column":0},"end":{"line":394,"column":5}},"394":{"start":{"line":395,"column":0},"end":{"line":395,"column":1}},"395":{"start":{"line":396,"column":0},"end":{"line":396,"column":0}},"396":{"start":{"line":397,"column":0},"end":{"line":397,"column":3}},"397":{"start":{"line":398,"column":0},"end":{"line":398,"column":74}},"398":{"start":{"line":399,"column":0},"end":{"line":399,"column":3}},"399":{"start":{"line":400,"column":0},"end":{"line":400,"column":29}},"400":{"start":{"line":401,"column":0},"end":{"line":401,"column":22}},"401":{"start":{"line":402,"column":0},"end":{"line":402,"column":87}},"402":{"start":{"line":403,"column":0},"end":{"line":403,"column":117}},"403":{"start":{"line":404,"column":0},"end":{"line":404,"column":35}},"404":{"start":{"line":405,"column":0},"end":{"line":405,"column":1}},"405":{"start":{"line":406,"column":0},"end":{"line":406,"column":0}},"406":{"start":{"line":407,"column":0},"end":{"line":407,"column":3}},"407":{"start":{"line":408,"column":0},"end":{"line":408,"column":52}},"408":{"start":{"line":409,"column":0},"end":{"line":409,"column":45}},"409":{"start":{"line":410,"column":0},"end":{"line":410,"column":45}},"410":{"start":{"line":411,"column":0},"end":{"line":411,"column":3}},"411":{"start":{"line":412,"column":0},"end":{"line":412,"column":54}},"412":{"start":{"line":413,"column":0},"end":{"line":413,"column":25}},"413":{"start":{"line":414,"column":0},"end":{"line":414,"column":25}},"414":{"start":{"line":415,"column":0},"end":{"line":415,"column":50}},"415":{"start":{"line":416,"column":0},"end":{"line":416,"column":50}},"416":{"start":{"line":417,"column":0},"end":{"line":417,"column":78}},"417":{"start":{"line":418,"column":0},"end":{"line":418,"column":57}},"418":{"start":{"line":419,"column":0},"end":{"line":419,"column":12}},"419":{"start":{"line":420,"column":0},"end":{"line":420,"column":29}},"420":{"start":{"line":421,"column":0},"end":{"line":421,"column":76}},"421":{"start":{"line":422,"column":0},"end":{"line":422,"column":34}},"422":{"start":{"line":423,"column":0},"end":{"line":423,"column":26}},"423":{"start":{"line":424,"column":0},"end":{"line":424,"column":36}},"424":{"start":{"line":425,"column":0},"end":{"line":425,"column":16}},"425":{"start":{"line":426,"column":0},"end":{"line":426,"column":28}},"426":{"start":{"line":427,"column":0},"end":{"line":427,"column":9}},"427":{"start":{"line":428,"column":0},"end":{"line":428,"column":5}},"428":{"start":{"line":429,"column":0},"end":{"line":429,"column":1}},"429":{"start":{"line":430,"column":0},"end":{"line":430,"column":0}},"430":{"start":{"line":431,"column":0},"end":{"line":431,"column":3}},"431":{"start":{"line":432,"column":0},"end":{"line":432,"column":52}},"432":{"start":{"line":433,"column":0},"end":{"line":433,"column":3}},"433":{"start":{"line":434,"column":0},"end":{"line":434,"column":24}},"434":{"start":{"line":435,"column":0},"end":{"line":435,"column":25}},"435":{"start":{"line":436,"column":0},"end":{"line":436,"column":30}},"436":{"start":{"line":437,"column":0},"end":{"line":437,"column":22}},"437":{"start":{"line":438,"column":0},"end":{"line":438,"column":32}},"438":{"start":{"line":439,"column":0},"end":{"line":439,"column":12}},"439":{"start":{"line":440,"column":0},"end":{"line":440,"column":24}},"440":{"start":{"line":441,"column":0},"end":{"line":441,"column":5}},"441":{"start":{"line":442,"column":0},"end":{"line":442,"column":1}},"442":{"start":{"line":443,"column":0},"end":{"line":443,"column":0}},"443":{"start":{"line":444,"column":0},"end":{"line":444,"column":3}},"444":{"start":{"line":445,"column":0},"end":{"line":445,"column":91}},"445":{"start":{"line":446,"column":0},"end":{"line":446,"column":3}},"446":{"start":{"line":447,"column":0},"end":{"line":447,"column":26}},"447":{"start":{"line":448,"column":0},"end":{"line":448,"column":22}},"448":{"start":{"line":449,"column":0},"end":{"line":449,"column":68}},"449":{"start":{"line":450,"column":0},"end":{"line":450,"column":100}},"450":{"start":{"line":451,"column":0},"end":{"line":451,"column":31}},"451":{"start":{"line":452,"column":0},"end":{"line":452,"column":1}},"452":{"start":{"line":453,"column":0},"end":{"line":453,"column":0}},"453":{"start":{"line":454,"column":0},"end":{"line":454,"column":3}},"454":{"start":{"line":455,"column":0},"end":{"line":455,"column":69}},"455":{"start":{"line":456,"column":0},"end":{"line":456,"column":115}},"456":{"start":{"line":457,"column":0},"end":{"line":457,"column":3}},"457":{"start":{"line":458,"column":0},"end":{"line":458,"column":51}},"458":{"start":{"line":459,"column":0},"end":{"line":459,"column":34}},"459":{"start":{"line":460,"column":0},"end":{"line":460,"column":18}},"460":{"start":{"line":461,"column":0},"end":{"line":461,"column":52}},"461":{"start":{"line":462,"column":0},"end":{"line":462,"column":28}},"462":{"start":{"line":463,"column":0},"end":{"line":463,"column":1}},"463":{"start":{"line":464,"column":0},"end":{"line":464,"column":0}},"464":{"start":{"line":465,"column":0},"end":{"line":465,"column":3}},"465":{"start":{"line":466,"column":0},"end":{"line":466,"column":69}},"466":{"start":{"line":467,"column":0},"end":{"line":467,"column":3}},"467":{"start":{"line":468,"column":0},"end":{"line":468,"column":34}},"468":{"start":{"line":469,"column":0},"end":{"line":469,"column":22}},"469":{"start":{"line":470,"column":0},"end":{"line":470,"column":80}},"470":{"start":{"line":471,"column":0},"end":{"line":471,"column":34}},"471":{"start":{"line":472,"column":0},"end":{"line":472,"column":1}},"472":{"start":{"line":473,"column":0},"end":{"line":473,"column":0}},"473":{"start":{"line":474,"column":0},"end":{"line":474,"column":3}},"474":{"start":{"line":475,"column":0},"end":{"line":475,"column":52}},"475":{"start":{"line":476,"column":0},"end":{"line":476,"column":3}},"476":{"start":{"line":477,"column":0},"end":{"line":477,"column":34}},"477":{"start":{"line":478,"column":0},"end":{"line":478,"column":22}},"478":{"start":{"line":479,"column":0},"end":{"line":479,"column":40}},"479":{"start":{"line":480,"column":0},"end":{"line":480,"column":69}},"480":{"start":{"line":481,"column":0},"end":{"line":481,"column":32}},"481":{"start":{"line":482,"column":0},"end":{"line":482,"column":46}},"482":{"start":{"line":483,"column":0},"end":{"line":483,"column":32}},"483":{"start":{"line":484,"column":0},"end":{"line":484,"column":36}},"484":{"start":{"line":485,"column":0},"end":{"line":485,"column":56}},"485":{"start":{"line":486,"column":0},"end":{"line":486,"column":49}},"486":{"start":{"line":487,"column":0},"end":{"line":487,"column":53}},"487":{"start":{"line":488,"column":0},"end":{"line":488,"column":62}},"488":{"start":{"line":489,"column":0},"end":{"line":489,"column":26}},"489":{"start":{"line":490,"column":0},"end":{"line":490,"column":56}},"490":{"start":{"line":491,"column":0},"end":{"line":491,"column":62}},"491":{"start":{"line":492,"column":0},"end":{"line":492,"column":0}},"492":{"start":{"line":493,"column":0},"end":{"line":493,"column":45}},"493":{"start":{"line":494,"column":0},"end":{"line":494,"column":80}},"494":{"start":{"line":495,"column":0},"end":{"line":495,"column":15}},"495":{"start":{"line":496,"column":0},"end":{"line":496,"column":0}},"496":{"start":{"line":497,"column":0},"end":{"line":497,"column":31}},"497":{"start":{"line":498,"column":0},"end":{"line":498,"column":10}},"498":{"start":{"line":499,"column":0},"end":{"line":499,"column":28}},"499":{"start":{"line":500,"column":0},"end":{"line":500,"column":27}},"500":{"start":{"line":501,"column":0},"end":{"line":501,"column":48}},"501":{"start":{"line":502,"column":0},"end":{"line":502,"column":34}},"502":{"start":{"line":503,"column":0},"end":{"line":503,"column":27}},"503":{"start":{"line":504,"column":0},"end":{"line":504,"column":20}},"504":{"start":{"line":505,"column":0},"end":{"line":505,"column":199}},"505":{"start":{"line":506,"column":0},"end":{"line":506,"column":45}},"506":{"start":{"line":507,"column":0},"end":{"line":507,"column":13}},"507":{"start":{"line":508,"column":0},"end":{"line":508,"column":10}},"508":{"start":{"line":509,"column":0},"end":{"line":509,"column":107}},"509":{"start":{"line":510,"column":0},"end":{"line":510,"column":0}},"510":{"start":{"line":511,"column":0},"end":{"line":511,"column":7}},"511":{"start":{"line":512,"column":0},"end":{"line":512,"column":41}},"512":{"start":{"line":513,"column":0},"end":{"line":513,"column":60}},"513":{"start":{"line":514,"column":0},"end":{"line":514,"column":57}},"514":{"start":{"line":515,"column":0},"end":{"line":515,"column":32}},"515":{"start":{"line":516,"column":0},"end":{"line":516,"column":54}},"516":{"start":{"line":517,"column":0},"end":{"line":517,"column":39}},"517":{"start":{"line":518,"column":0},"end":{"line":518,"column":50}},"518":{"start":{"line":519,"column":0},"end":{"line":519,"column":57}},"519":{"start":{"line":520,"column":0},"end":{"line":520,"column":61}},"520":{"start":{"line":521,"column":0},"end":{"line":521,"column":20}},"521":{"start":{"line":522,"column":0},"end":{"line":522,"column":56}},"522":{"start":{"line":523,"column":0},"end":{"line":523,"column":62}},"523":{"start":{"line":524,"column":0},"end":{"line":524,"column":53}},"524":{"start":{"line":525,"column":0},"end":{"line":525,"column":53}},"525":{"start":{"line":526,"column":0},"end":{"line":526,"column":23}},"526":{"start":{"line":527,"column":0},"end":{"line":527,"column":61}},"527":{"start":{"line":528,"column":0},"end":{"line":528,"column":37}},"528":{"start":{"line":529,"column":0},"end":{"line":529,"column":22}},"529":{"start":{"line":530,"column":0},"end":{"line":530,"column":47}},"530":{"start":{"line":531,"column":0},"end":{"line":531,"column":45}},"531":{"start":{"line":532,"column":0},"end":{"line":532,"column":46}},"532":{"start":{"line":533,"column":0},"end":{"line":533,"column":21}},"533":{"start":{"line":534,"column":0},"end":{"line":534,"column":38}},"534":{"start":{"line":535,"column":0},"end":{"line":535,"column":85}},"535":{"start":{"line":536,"column":0},"end":{"line":536,"column":0}},"536":{"start":{"line":537,"column":0},"end":{"line":537,"column":24}},"537":{"start":{"line":538,"column":0},"end":{"line":538,"column":57}},"538":{"start":{"line":539,"column":0},"end":{"line":539,"column":61}},"539":{"start":{"line":540,"column":0},"end":{"line":540,"column":36}},"540":{"start":{"line":541,"column":0},"end":{"line":541,"column":40}},"541":{"start":{"line":542,"column":0},"end":{"line":542,"column":39}},"542":{"start":{"line":543,"column":0},"end":{"line":543,"column":42}},"543":{"start":{"line":544,"column":0},"end":{"line":544,"column":17}},"544":{"start":{"line":545,"column":0},"end":{"line":545,"column":13}},"545":{"start":{"line":546,"column":0},"end":{"line":546,"column":9}},"546":{"start":{"line":547,"column":0},"end":{"line":547,"column":26}},"547":{"start":{"line":548,"column":0},"end":{"line":548,"column":34}},"548":{"start":{"line":549,"column":0},"end":{"line":549,"column":9}},"549":{"start":{"line":550,"column":0},"end":{"line":550,"column":52}},"550":{"start":{"line":551,"column":0},"end":{"line":551,"column":49}},"551":{"start":{"line":552,"column":0},"end":{"line":552,"column":60}},"552":{"start":{"line":553,"column":0},"end":{"line":553,"column":57}},"553":{"start":{"line":554,"column":0},"end":{"line":554,"column":7}},"554":{"start":{"line":555,"column":0},"end":{"line":555,"column":1}},"555":{"start":{"line":556,"column":0},"end":{"line":556,"column":0}},"556":{"start":{"line":557,"column":0},"end":{"line":557,"column":3}},"557":{"start":{"line":558,"column":0},"end":{"line":558,"column":55}},"558":{"start":{"line":559,"column":0},"end":{"line":559,"column":3}},"559":{"start":{"line":560,"column":0},"end":{"line":560,"column":30}},"560":{"start":{"line":561,"column":0},"end":{"line":561,"column":21}},"561":{"start":{"line":562,"column":0},"end":{"line":562,"column":36}},"562":{"start":{"line":563,"column":0},"end":{"line":563,"column":12}},"563":{"start":{"line":564,"column":0},"end":{"line":564,"column":30}},"564":{"start":{"line":565,"column":0},"end":{"line":565,"column":35}},"565":{"start":{"line":566,"column":0},"end":{"line":566,"column":5}},"566":{"start":{"line":567,"column":0},"end":{"line":567,"column":1}},"567":{"start":{"line":568,"column":0},"end":{"line":568,"column":0}},"568":{"start":{"line":569,"column":0},"end":{"line":569,"column":3}},"569":{"start":{"line":570,"column":0},"end":{"line":570,"column":60}},"570":{"start":{"line":571,"column":0},"end":{"line":571,"column":52}},"571":{"start":{"line":572,"column":0},"end":{"line":572,"column":3}},"572":{"start":{"line":573,"column":0},"end":{"line":573,"column":45}},"573":{"start":{"line":574,"column":0},"end":{"line":574,"column":22}},"574":{"start":{"line":575,"column":0},"end":{"line":575,"column":46}},"575":{"start":{"line":576,"column":0},"end":{"line":576,"column":29}},"576":{"start":{"line":577,"column":0},"end":{"line":577,"column":40}},"577":{"start":{"line":578,"column":0},"end":{"line":578,"column":44}},"578":{"start":{"line":579,"column":0},"end":{"line":579,"column":45}},"579":{"start":{"line":580,"column":0},"end":{"line":580,"column":64}},"580":{"start":{"line":581,"column":0},"end":{"line":581,"column":32}},"581":{"start":{"line":582,"column":0},"end":{"line":582,"column":1}},"582":{"start":{"line":583,"column":0},"end":{"line":583,"column":0}},"583":{"start":{"line":584,"column":0},"end":{"line":584,"column":3}},"584":{"start":{"line":585,"column":0},"end":{"line":585,"column":40}},"585":{"start":{"line":586,"column":0},"end":{"line":586,"column":50}},"586":{"start":{"line":587,"column":0},"end":{"line":587,"column":3}},"587":{"start":{"line":588,"column":0},"end":{"line":588,"column":35}},"588":{"start":{"line":589,"column":0},"end":{"line":589,"column":297}},"589":{"start":{"line":590,"column":0},"end":{"line":590,"column":22}},"590":{"start":{"line":591,"column":0},"end":{"line":591,"column":52}},"591":{"start":{"line":592,"column":0},"end":{"line":592,"column":73}},"592":{"start":{"line":593,"column":0},"end":{"line":593,"column":73}},"593":{"start":{"line":594,"column":0},"end":{"line":594,"column":36}},"594":{"start":{"line":595,"column":0},"end":{"line":595,"column":36}},"595":{"start":{"line":596,"column":0},"end":{"line":596,"column":1}},"596":{"start":{"line":597,"column":0},"end":{"line":597,"column":0}},"597":{"start":{"line":598,"column":0},"end":{"line":598,"column":3}},"598":{"start":{"line":599,"column":0},"end":{"line":599,"column":54}},"599":{"start":{"line":600,"column":0},"end":{"line":600,"column":3}},"600":{"start":{"line":601,"column":0},"end":{"line":601,"column":29}},"601":{"start":{"line":602,"column":0},"end":{"line":602,"column":19}},"602":{"start":{"line":603,"column":0},"end":{"line":603,"column":22}},"603":{"start":{"line":604,"column":0},"end":{"line":604,"column":50}},"604":{"start":{"line":605,"column":0},"end":{"line":605,"column":84}},"605":{"start":{"line":606,"column":0},"end":{"line":606,"column":32}},"606":{"start":{"line":607,"column":0},"end":{"line":607,"column":1}},"607":{"start":{"line":608,"column":0},"end":{"line":608,"column":0}},"608":{"start":{"line":609,"column":0},"end":{"line":609,"column":3}},"609":{"start":{"line":610,"column":0},"end":{"line":610,"column":54}},"610":{"start":{"line":611,"column":0},"end":{"line":611,"column":3}},"611":{"start":{"line":612,"column":0},"end":{"line":612,"column":29}},"612":{"start":{"line":613,"column":0},"end":{"line":613,"column":19}},"613":{"start":{"line":614,"column":0},"end":{"line":614,"column":22}},"614":{"start":{"line":615,"column":0},"end":{"line":615,"column":50}},"615":{"start":{"line":616,"column":0},"end":{"line":616,"column":84}},"616":{"start":{"line":617,"column":0},"end":{"line":617,"column":32}},"617":{"start":{"line":618,"column":0},"end":{"line":618,"column":1}},"618":{"start":{"line":619,"column":0},"end":{"line":619,"column":0}},"619":{"start":{"line":620,"column":0},"end":{"line":620,"column":3}},"620":{"start":{"line":621,"column":0},"end":{"line":621,"column":43}},"621":{"start":{"line":622,"column":0},"end":{"line":622,"column":53}},"622":{"start":{"line":623,"column":0},"end":{"line":623,"column":3}},"623":{"start":{"line":624,"column":0},"end":{"line":624,"column":38}},"624":{"start":{"line":625,"column":0},"end":{"line":625,"column":31}},"625":{"start":{"line":626,"column":0},"end":{"line":626,"column":46}},"626":{"start":{"line":627,"column":0},"end":{"line":627,"column":12}},"627":{"start":{"line":628,"column":0},"end":{"line":628,"column":27}},"628":{"start":{"line":629,"column":0},"end":{"line":629,"column":26}},"629":{"start":{"line":630,"column":0},"end":{"line":630,"column":54}},"630":{"start":{"line":631,"column":0},"end":{"line":631,"column":88}},"631":{"start":{"line":632,"column":0},"end":{"line":632,"column":36}},"632":{"start":{"line":633,"column":0},"end":{"line":633,"column":5}},"633":{"start":{"line":634,"column":0},"end":{"line":634,"column":1}},"634":{"start":{"line":635,"column":0},"end":{"line":635,"column":0}},"635":{"start":{"line":636,"column":0},"end":{"line":636,"column":3}},"636":{"start":{"line":637,"column":0},"end":{"line":637,"column":44}},"637":{"start":{"line":638,"column":0},"end":{"line":638,"column":53}},"638":{"start":{"line":639,"column":0},"end":{"line":639,"column":3}},"639":{"start":{"line":640,"column":0},"end":{"line":640,"column":38}},"640":{"start":{"line":641,"column":0},"end":{"line":641,"column":31}},"641":{"start":{"line":642,"column":0},"end":{"line":642,"column":47}},"642":{"start":{"line":643,"column":0},"end":{"line":643,"column":12}},"643":{"start":{"line":644,"column":0},"end":{"line":644,"column":26}},"644":{"start":{"line":645,"column":0},"end":{"line":645,"column":63}},"645":{"start":{"line":646,"column":0},"end":{"line":646,"column":61}},"646":{"start":{"line":647,"column":0},"end":{"line":647,"column":33}},"647":{"start":{"line":648,"column":0},"end":{"line":648,"column":5}},"648":{"start":{"line":649,"column":0},"end":{"line":649,"column":1}},"649":{"start":{"line":650,"column":0},"end":{"line":650,"column":0}},"650":{"start":{"line":651,"column":0},"end":{"line":651,"column":3}},"651":{"start":{"line":652,"column":0},"end":{"line":652,"column":53}},"652":{"start":{"line":653,"column":0},"end":{"line":653,"column":43}},"653":{"start":{"line":654,"column":0},"end":{"line":654,"column":3}},"654":{"start":{"line":655,"column":0},"end":{"line":655,"column":33}},"655":{"start":{"line":656,"column":0},"end":{"line":656,"column":23}},"656":{"start":{"line":657,"column":0},"end":{"line":657,"column":46}},"657":{"start":{"line":658,"column":0},"end":{"line":658,"column":12}},"658":{"start":{"line":659,"column":0},"end":{"line":659,"column":28}},"659":{"start":{"line":660,"column":0},"end":{"line":660,"column":25}},"660":{"start":{"line":661,"column":0},"end":{"line":661,"column":26}},"661":{"start":{"line":662,"column":0},"end":{"line":662,"column":65}},"662":{"start":{"line":663,"column":0},"end":{"line":663,"column":67}},"663":{"start":{"line":664,"column":0},"end":{"line":664,"column":33}},"664":{"start":{"line":665,"column":0},"end":{"line":665,"column":5}},"665":{"start":{"line":666,"column":0},"end":{"line":666,"column":1}},"666":{"start":{"line":667,"column":0},"end":{"line":667,"column":0}},"667":{"start":{"line":668,"column":0},"end":{"line":668,"column":3}},"668":{"start":{"line":669,"column":0},"end":{"line":669,"column":53}},"669":{"start":{"line":670,"column":0},"end":{"line":670,"column":45}},"670":{"start":{"line":671,"column":0},"end":{"line":671,"column":3}},"671":{"start":{"line":672,"column":0},"end":{"line":672,"column":38}},"672":{"start":{"line":673,"column":0},"end":{"line":673,"column":23}},"673":{"start":{"line":674,"column":0},"end":{"line":674,"column":42}},"674":{"start":{"line":675,"column":0},"end":{"line":675,"column":12}},"675":{"start":{"line":676,"column":0},"end":{"line":676,"column":31}},"676":{"start":{"line":677,"column":0},"end":{"line":677,"column":29}},"677":{"start":{"line":678,"column":0},"end":{"line":678,"column":5}},"678":{"start":{"line":679,"column":0},"end":{"line":679,"column":1}},"679":{"start":{"line":680,"column":0},"end":{"line":680,"column":0}},"680":{"start":{"line":681,"column":0},"end":{"line":681,"column":0}},"681":{"start":{"line":682,"column":0},"end":{"line":682,"column":0}},"682":{"start":{"line":683,"column":0},"end":{"line":683,"column":35}},"683":{"start":{"line":684,"column":0},"end":{"line":684,"column":31}},"684":{"start":{"line":685,"column":0},"end":{"line":685,"column":1}},"685":{"start":{"line":686,"column":0},"end":{"line":686,"column":0}},"686":{"start":{"line":687,"column":0},"end":{"line":687,"column":35}},"687":{"start":{"line":688,"column":0},"end":{"line":688,"column":22}},"688":{"start":{"line":689,"column":0},"end":{"line":689,"column":50}},"689":{"start":{"line":690,"column":0},"end":{"line":690,"column":96}},"690":{"start":{"line":691,"column":0},"end":{"line":691,"column":91}},"691":{"start":{"line":692,"column":0},"end":{"line":692,"column":102}},"692":{"start":{"line":693,"column":0},"end":{"line":693,"column":0}},"693":{"start":{"line":694,"column":0},"end":{"line":694,"column":41}},"694":{"start":{"line":695,"column":0},"end":{"line":695,"column":36}},"695":{"start":{"line":696,"column":0},"end":{"line":696,"column":34}},"696":{"start":{"line":697,"column":0},"end":{"line":697,"column":1}},"697":{"start":{"line":698,"column":0},"end":{"line":698,"column":0}},"698":{"start":{"line":699,"column":0},"end":{"line":699,"column":34}},"699":{"start":{"line":700,"column":0},"end":{"line":700,"column":22}},"700":{"start":{"line":701,"column":0},"end":{"line":701,"column":66}},"701":{"start":{"line":702,"column":0},"end":{"line":702,"column":45}},"702":{"start":{"line":703,"column":0},"end":{"line":703,"column":83}},"703":{"start":{"line":704,"column":0},"end":{"line":704,"column":31}},"704":{"start":{"line":705,"column":0},"end":{"line":705,"column":0}},"705":{"start":{"line":706,"column":0},"end":{"line":706,"column":1}},"706":{"start":{"line":707,"column":0},"end":{"line":707,"column":0}},"707":{"start":{"line":708,"column":0},"end":{"line":708,"column":50}},"708":{"start":{"line":709,"column":0},"end":{"line":709,"column":56}},"709":{"start":{"line":710,"column":0},"end":{"line":710,"column":29}},"710":{"start":{"line":711,"column":0},"end":{"line":711,"column":1}},"711":{"start":{"line":712,"column":0},"end":{"line":712,"column":0}},"712":{"start":{"line":713,"column":0},"end":{"line":713,"column":36}},"713":{"start":{"line":714,"column":0},"end":{"line":714,"column":22}},"714":{"start":{"line":715,"column":0},"end":{"line":715,"column":64}},"715":{"start":{"line":716,"column":0},"end":{"line":716,"column":78}},"716":{"start":{"line":717,"column":0},"end":{"line":717,"column":32}},"717":{"start":{"line":718,"column":0},"end":{"line":718,"column":0}},"718":{"start":{"line":719,"column":0},"end":{"line":719,"column":1}},"719":{"start":{"line":720,"column":0},"end":{"line":720,"column":0}},"720":{"start":{"line":721,"column":0},"end":{"line":721,"column":51}},"721":{"start":{"line":722,"column":0},"end":{"line":722,"column":36}},"722":{"start":{"line":723,"column":0},"end":{"line":723,"column":59}},"723":{"start":{"line":724,"column":0},"end":{"line":724,"column":12}},"724":{"start":{"line":725,"column":0},"end":{"line":725,"column":65}},"725":{"start":{"line":726,"column":0},"end":{"line":726,"column":33}},"726":{"start":{"line":727,"column":0},"end":{"line":727,"column":5}},"727":{"start":{"line":728,"column":0},"end":{"line":728,"column":1}},"728":{"start":{"line":729,"column":0},"end":{"line":729,"column":0}},"729":{"start":{"line":730,"column":0},"end":{"line":730,"column":34}},"730":{"start":{"line":731,"column":0},"end":{"line":731,"column":22}},"731":{"start":{"line":732,"column":0},"end":{"line":732,"column":79}},"732":{"start":{"line":733,"column":0},"end":{"line":733,"column":76}},"733":{"start":{"line":734,"column":0},"end":{"line":734,"column":32}},"734":{"start":{"line":735,"column":0},"end":{"line":735,"column":1}},"735":{"start":{"line":736,"column":0},"end":{"line":736,"column":0}},"736":{"start":{"line":737,"column":0},"end":{"line":737,"column":49}},"737":{"start":{"line":738,"column":0},"end":{"line":738,"column":36}},"738":{"start":{"line":739,"column":0},"end":{"line":739,"column":59}},"739":{"start":{"line":740,"column":0},"end":{"line":740,"column":12}},"740":{"start":{"line":741,"column":0},"end":{"line":741,"column":64}},"741":{"start":{"line":742,"column":0},"end":{"line":742,"column":33}},"742":{"start":{"line":743,"column":0},"end":{"line":743,"column":5}},"743":{"start":{"line":744,"column":0},"end":{"line":744,"column":1}},"744":{"start":{"line":745,"column":0},"end":{"line":745,"column":0}},"745":{"start":{"line":746,"column":0},"end":{"line":746,"column":35}},"746":{"start":{"line":747,"column":0},"end":{"line":747,"column":22}},"747":{"start":{"line":748,"column":0},"end":{"line":748,"column":64}},"748":{"start":{"line":749,"column":0},"end":{"line":749,"column":81}},"749":{"start":{"line":750,"column":0},"end":{"line":750,"column":31}},"750":{"start":{"line":751,"column":0},"end":{"line":751,"column":1}},"751":{"start":{"line":752,"column":0},"end":{"line":752,"column":0}},"752":{"start":{"line":753,"column":0},"end":{"line":753,"column":55}},"753":{"start":{"line":754,"column":0},"end":{"line":754,"column":24}},"754":{"start":{"line":755,"column":0},"end":{"line":755,"column":37}},"755":{"start":{"line":756,"column":0},"end":{"line":756,"column":34}},"756":{"start":{"line":757,"column":0},"end":{"line":757,"column":24}},"757":{"start":{"line":758,"column":0},"end":{"line":758,"column":38}},"758":{"start":{"line":759,"column":0},"end":{"line":759,"column":30}},"759":{"start":{"line":760,"column":0},"end":{"line":760,"column":0}},"760":{"start":{"line":761,"column":0},"end":{"line":761,"column":16}},"761":{"start":{"line":762,"column":0},"end":{"line":762,"column":58}},"762":{"start":{"line":763,"column":0},"end":{"line":763,"column":9}},"763":{"start":{"line":764,"column":0},"end":{"line":764,"column":12}},"764":{"start":{"line":765,"column":0},"end":{"line":765,"column":41}},"765":{"start":{"line":766,"column":0},"end":{"line":766,"column":5}},"766":{"start":{"line":767,"column":0},"end":{"line":767,"column":1}},"767":{"start":{"line":768,"column":0},"end":{"line":768,"column":0}},"768":{"start":{"line":769,"column":0},"end":{"line":769,"column":27}},"769":{"start":{"line":770,"column":0},"end":{"line":770,"column":22}},"770":{"start":{"line":771,"column":0},"end":{"line":771,"column":63}},"771":{"start":{"line":772,"column":0},"end":{"line":772,"column":33}},"772":{"start":{"line":773,"column":0},"end":{"line":773,"column":30}},"773":{"start":{"line":774,"column":0},"end":{"line":774,"column":22}},"774":{"start":{"line":775,"column":0},"end":{"line":775,"column":0}},"775":{"start":{"line":776,"column":0},"end":{"line":776,"column":65}},"776":{"start":{"line":777,"column":0},"end":{"line":777,"column":31}},"777":{"start":{"line":778,"column":0},"end":{"line":778,"column":1}},"778":{"start":{"line":779,"column":0},"end":{"line":779,"column":0}},"779":{"start":{"line":780,"column":0},"end":{"line":780,"column":32}},"780":{"start":{"line":781,"column":0},"end":{"line":781,"column":22}},"781":{"start":{"line":782,"column":0},"end":{"line":782,"column":63}},"782":{"start":{"line":783,"column":0},"end":{"line":783,"column":91}},"783":{"start":{"line":784,"column":0},"end":{"line":784,"column":32}},"784":{"start":{"line":785,"column":0},"end":{"line":785,"column":1}},"785":{"start":{"line":786,"column":0},"end":{"line":786,"column":0}},"786":{"start":{"line":787,"column":0},"end":{"line":787,"column":37}},"787":{"start":{"line":788,"column":0},"end":{"line":788,"column":63}},"788":{"start":{"line":789,"column":0},"end":{"line":789,"column":0}},"789":{"start":{"line":790,"column":0},"end":{"line":790,"column":1}},"790":{"start":{"line":791,"column":0},"end":{"line":791,"column":0}},"791":{"start":{"line":792,"column":0},"end":{"line":792,"column":3}},"792":{"start":{"line":793,"column":0},"end":{"line":793,"column":80}},"793":{"start":{"line":794,"column":0},"end":{"line":794,"column":46}},"794":{"start":{"line":795,"column":0},"end":{"line":795,"column":49}},"795":{"start":{"line":796,"column":0},"end":{"line":796,"column":3}},"796":{"start":{"line":797,"column":0},"end":{"line":797,"column":45}},"797":{"start":{"line":798,"column":0},"end":{"line":798,"column":52}},"798":{"start":{"line":799,"column":0},"end":{"line":799,"column":74}},"799":{"start":{"line":800,"column":0},"end":{"line":800,"column":21}},"800":{"s
[...]
42":{"start":{"line":143,"column":0},"end":{"line":143,"column":1}},"143":{"start":{"line":144,"column":0},"end":{"line":144,"column":0}},"144":{"start":{"line":145,"column":0},"end":{"line":145,"column":0}},"145":{"start":{"line":146,"column":0},"end":{"line":146,"column":60}},"146":{"start":{"line":147,"column":0},"end":{"line":147,"column":53}},"147":{"start":{"line":148,"column":0},"end":{"line":148,"column":22}},"148":{"start":{"line":149,"column":0},"end":{"line":149,"column":9}},"149":{"start":{"line":150,"column":0},"end":{"line":150,"column":42}},"150":{"start":{"line":151,"column":0},"end":{"line":151,"column":21}},"151":{"start":{"line":152,"column":0},"end":{"line":152,"column":52}},"152":{"start":{"line":153,"column":0},"end":{"line":153,"column":60}},"153":{"start":{"line":154,"column":0},"end":{"line":154,"column":5}},"154":{"start":{"line":155,"column":0},"end":{"line":155,"column":0}},"155":{"start":{"line":156,"column":0},"end":{"line":156,"column":63}},"156":{"start":{"line":157,"column":0},"end":{"line":157,"column":41}},"157":{"start":{"line":158,"column":0},"end":{"line":158,"column":0}},"158":{"start":{"line":159,"column":0},"end":{"line":159,"column":40}},"159":{"start":{"line":160,"column":0},"end":{"line":160,"column":34}},"160":{"start":{"line":161,"column":0},"end":{"line":161,"column":51}},"161":{"start":{"line":162,"column":0},"end":{"line":162,"column":42}},"162":{"start":{"line":163,"column":0},"end":{"line":163,"column":69}},"163":{"start":{"line":164,"column":0},"end":{"line":164,"column":48}},"164":{"start":{"line":165,"column":0},"end":{"line":165,"column":53}},"165":{"start":{"line":166,"column":0},"end":{"line":166,"column":61}},"166":{"start":{"line":167,"column":0},"end":{"line":167,"column":13}},"167":{"start":{"line":168,"column":0},"end":{"line":168,"column":11}},"168":{"start":{"line":169,"column":0},"end":{"line":169,"column":12}},"169":{"start":{"line":170,"column":0},"end":{"line":170,"column":53}},"170":{"start":{"line":171,"column":0},"end":{"line":171,"column":5}},"171":{"start":{"line":172,"column":0},"end":{"line":172,"column":0}},"172":{"start":{"line":173,"column":0},"end":{"line":173,"column":45}},"173":{"start":{"line":174,"column":0},"end":{"line":174,"column":42}},"174":{"start":{"line":175,"column":0},"end":{"line":175,"column":1}},"175":{"start":{"line":176,"column":0},"end":{"line":176,"column":0}},"176":{"start":{"line":177,"column":0},"end":{"line":177,"column":3}},"177":{"start":{"line":178,"column":0},"end":{"line":178,"column":80}},"178":{"start":{"line":179,"column":0},"end":{"line":179,"column":90}},"179":{"start":{"line":180,"column":0},"end":{"line":180,"column":53}},"180":{"start":{"line":181,"column":0},"end":{"line":181,"column":3}},"181":{"start":{"line":182,"column":0},"end":{"line":182,"column":24}},"182":{"start":{"line":183,"column":0},"end":{"line":183,"column":28}},"183":{"start":{"line":184,"column":0},"end":{"line":184,"column":43}},"184":{"start":{"line":185,"column":0},"end":{"line":185,"column":54}},"185":{"start":{"line":186,"column":0},"end":{"line":186,"column":41}},"186":{"start":{"line":187,"column":0},"end":{"line":187,"column":45}},"187":{"start":{"line":188,"column":0},"end":{"line":188,"column":9}},"188":{"start":{"line":189,"column":0},"end":{"line":189,"column":7}},"189":{"start":{"line":190,"column":0},"end":{"line":190,"column":0}},"190":{"start":{"line":191,"column":0},"end":{"line":191,"column":52}},"191":{"start":{"line":192,"column":0},"end":{"line":192,"column":31}},"192":{"start":{"line":193,"column":0},"end":{"line":193,"column":25}},"193":{"start":{"line":194,"column":0},"end":{"line":194,"column":1}},"194":{"start":{"line":195,"column":0},"end":{"line":195,"column":0}},"195":{"start":{"line":196,"column":0},"end":{"line":196,"column":3}},"196":{"start":{"line":197,"column":0},"end":{"line":197,"column":66}},"197":{"start":{"line":198,"column":0},"end":{"line":198,"column":80}},"198":{"start":{"line":199,"column":0},"end":{"line":199,"column":56}},"199":{"start":{"line":200,"column":0},"end":{"line":200,"column":3}},"200":{"start":{"line":201,"column":0},"end":{"line":201,"column":27}},"201":{"start":{"line":202,"column":0},"end":{"line":202,"column":28}},"202":{"start":{"line":203,"column":0},"end":{"line":203,"column":43}},"203":{"start":{"line":204,"column":0},"end":{"line":204,"column":53}},"204":{"start":{"line":205,"column":0},"end":{"line":205,"column":45}},"205":{"start":{"line":206,"column":0},"end":{"line":206,"column":40}},"206":{"start":{"line":207,"column":0},"end":{"line":207,"column":44}},"207":{"start":{"line":208,"column":0},"end":{"line":208,"column":13}},"208":{"start":{"line":209,"column":0},"end":{"line":209,"column":10}},"209":{"start":{"line":210,"column":0},"end":{"line":210,"column":7}},"210":{"start":{"line":211,"column":0},"end":{"line":211,"column":0}},"211":{"start":{"line":212,"column":0},"end":{"line":212,"column":52}},"212":{"start":{"line":213,"column":0},"end":{"line":213,"column":31}},"213":{"start":{"line":214,"column":0},"end":{"line":214,"column":25}},"214":{"start":{"line":215,"column":0},"end":{"line":215,"column":1}},"215":{"start":{"line":216,"column":0},"end":{"line":216,"column":0}},"216":{"start":{"line":217,"column":0},"end":{"line":217,"column":3}},"217":{"start":{"line":218,"column":0},"end":{"line":218,"column":66}},"218":{"start":{"line":219,"column":0},"end":{"line":219,"column":80}},"219":{"start":{"line":220,"column":0},"end":{"line":220,"column":56}},"220":{"start":{"line":221,"column":0},"end":{"line":221,"column":3}},"221":{"start":{"line":222,"column":0},"end":{"line":222,"column":27}},"222":{"start":{"line":223,"column":0},"end":{"line":223,"column":28}},"223":{"start":{"line":224,"column":0},"end":{"line":224,"column":43}},"224":{"start":{"line":225,"column":0},"end":{"line":225,"column":53}},"225":{"start":{"line":226,"column":0},"end":{"line":226,"column":45}},"226":{"start":{"line":227,"column":0},"end":{"line":227,"column":40}},"227":{"start":{"line":228,"column":0},"end":{"line":228,"column":44}},"228":{"start":{"line":229,"column":0},"end":{"line":229,"column":13}},"229":{"start":{"line":230,"column":0},"end":{"line":230,"column":10}},"230":{"start":{"line":231,"column":0},"end":{"line":231,"column":7}},"231":{"start":{"line":232,"column":0},"end":{"line":232,"column":0}},"232":{"start":{"line":233,"column":0},"end":{"line":233,"column":50}},"233":{"start":{"line":234,"column":0},"end":{"line":234,"column":25}},"234":{"start":{"line":235,"column":0},"end":{"line":235,"column":1}},"235":{"start":{"line":236,"column":0},"end":{"line":236,"column":0}},"236":{"start":{"line":237,"column":0},"end":{"line":237,"column":3}},"237":{"start":{"line":238,"column":0},"end":{"line":238,"column":67}},"238":{"start":{"line":239,"column":0},"end":{"line":239,"column":57}},"239":{"start":{"line":240,"column":0},"end":{"line":240,"column":63}},"240":{"start":{"line":241,"column":0},"end":{"line":241,"column":3}},"241":{"start":{"line":242,"column":0},"end":{"line":242,"column":40}},"242":{"start":{"line":243,"column":0},"end":{"line":243,"column":53}},"243":{"start":{"line":244,"column":0},"end":{"line":244,"column":22}},"244":{"start":{"line":245,"column":0},"end":{"line":245,"column":9}},"245":{"start":{"line":246,"column":0},"end":{"line":246,"column":42}},"246":{"start":{"line":247,"column":0},"end":{"line":247,"column":21}},"247":{"start":{"line":248,"column":0},"end":{"line":248,"column":52}},"248":{"start":{"line":249,"column":0},"end":{"line":249,"column":60}},"249":{"start":{"line":250,"column":0},"end":{"line":250,"column":5}},"250":{"start":{"line":251,"column":0},"end":{"line":251,"column":0}},"251":{"start":{"line":252,"column":0},"end":{"line":252,"column":59}},"252":{"start":{"line":253,"column":0},"end":{"line":253,"column":23}},"253":{"start":{"line":254,"column":0},"end":{"line":254,"column":27}},"254":{"start":{"line":255,"column":0},"end":{"line":255,"column":32}},"255":{"start":{"line":256,"column":0},"end":{"line":256,"column":16}},"256":{"start":{"line":257,"column":0},"end":{"line":257,"column":16}},"257":{"start":{"line":258,"column":0},"end":{"line":258,"column":16}},"258":{"start":{"line":259,"column":0},"end":{"line":259,"column":16}},"259":{"start":{"line":260,"column":0},"end":{"line":260,"column":16}},"260":{"start":{"line":261,"column":0},"end":{"line":261,"column":16}},"261":{"start":{"line":262,"column":0},"end":{"line":262,"column":16}},"262":{"start":{"line":263,"column":0},"end":{"line":263,"column":39}},"263":{"start":{"line":264,"column":0},"end":{"line":264,"column":22}},"264":{"start":{"line":265,"column":0},"end":{"line":265,"column":46}},"265":{"start":{"line":266,"column":0},"end":{"line":266,"column":56}},"266":{"start":{"line":267,"column":0},"end":{"line":267,"column":57}},"267":{"start":{"line":268,"column":0},"end":{"line":268,"column":45}},"268":{"start":{"line":269,"column":0},"end":{"line":269,"column":37}},"269":{"start":{"line":270,"column":0},"end":{"line":270,"column":37}},"270":{"start":{"line":271,"column":0},"end":{"line":271,"column":36}},"271":{"start":{"line":272,"column":0},"end":{"line":272,"column":49}},"272":{"start":{"line":273,"column":0},"end":{"line":273,"column":50}},"273":{"start":{"line":274,"column":0},"end":{"line":274,"column":42}},"274":{"start":{"line":275,"column":0},"end":{"line":275,"column":30}},"275":{"start":{"line":276,"column":0},"end":{"line":276,"column":35}},"276":{"start":{"line":277,"column":0},"end":{"line":277,"column":19}},"277":{"start":{"line":278,"column":0},"end":{"line":278,"column":22}},"278":{"start":{"line":279,"column":0},"end":{"line":279,"column":23}},"279":{"start":{"line":280,"column":0},"end":{"line":280,"column":31}},"280":{"start":{"line":281,"column":0},"end":{"line":281,"column":31}},"281":{"start":{"line":282,"column":0},"end":{"line":282,"column":27}},"282":{"start":{"line":283,"column":0},"end":{"line":283,"column":15}},"283":{"start":{"line":284,"column":0},"end":{"line":284,"column":6}},"284":{"start":{"line":285,"column":0},"end":{"line":285,"column":0}},"285":{"start":{"line":286,"column":0},"end":{"line":286,"column":67}},"286":{"start":{"line":287,"column":0},"end":{"line":287,"column":66}},"287":{"start":{"line":288,"column":0},"end":{"line":288,"column":65}},"288":{"start":{"line":289,"column":0},"end":{"line":289,"column":35}},"289":{"start":{"line":290,"column":0},"end":{"line":290,"column":0}},"290":{"start":{"line":291,"column":0},"end":{"line":291,"column":51}},"291":{"start":{"line":292,"column":0},"end":{"line":292,"column":38}},"292":{"start":{"line":293,"column":0},"end":{"line":293,"column":73}},"293":{"start":{"line":294,"column":0},"end":{"line":294,"column":44}},"294":{"start":{"line":295,"column":0},"end":{"line":295,"column":60}},"295":{"start":{"line":296,"column":0},"end":{"line":296,"column":42}},"296":{"start":{"line":297,"column":0},"end":{"line":297,"column":13}},"297":{"start":{"line":298,"column":0},"end":{"line":298,"column":9}},"298":{"start":{"line":299,"column":0},"end":{"line":299,"column":0}},"299":{"start":{"line":300,"column":0},"end":{"line":300,"column":54}},"300":{"start":{"line":301,"column":0},"end":{"line":301,"column":31}},"301":{"start":{"line":302,"column":0},"end":{"line":302,"column":12}},"302":{"start":{"line":303,"column":0},"end":{"line":303,"column":64}},"303":{"start":{"line":304,"column":0},"end":{"line":304,"column":79}},"304":{"start":{"line":305,"column":0},"end":{"line":305,"column":5}},"305":{"start":{"line":306,"column":0},"end":{"line":306,"column":1}},"306":{"start":{"line":307,"column":0},"end":{"line":307,"column":0}},"307":{"start":{"line":308,"column":0},"end":{"line":308,"column":147}}},"s":{"0":1,"1":1,"2":1,"3":1,"4":1,"5":1,"6":1,"7":1,"8":1,"9":1,"10":2,"11":2,"12":2,"13":2,"14":2,"15":2,"16":2,"17":2,"18":2,"19":1,"20":1,"21":1,"22":35,"23":35,"24":1,"25":1,"26":2,"27":2,"28":1,"29":1,"30":1,"31":1,"32":1,"33":1,"34":1,"35":2,"36":2,"37":2,"38":2,"39":2,"40":2,"41":1,"42":1,"43":1,"44":11,"45":1,"46":1,"47":1,"48":1,"49":1,"50":11,"51":1,"52":1,"53":1,"54":10,"55":9,"56":9,"57":11,"58":1,"59":1,"60":2,"61":2,"62":2,"63":1,"64":1,"65":1,"66":1,"67":1,"68":1,"69":1,"70":4,"71":4,"72":4,"73":4,"74":4,"75":4,"76":4,"77":4,"78":4,"79":4,"80":4,"81":4,"82":4,"83":4,"84":4,"85":4,"86":4,"87":4,"88":4,"89":4,"90":4,"91":4,"92":4,"93":4,"94":4,"95":4,"96":4,"97":4,"98":4,"99":4,"100":4,"101":4,"102":4,"103":4,"104":4,"105":4,"106":4,"107":1,"108":1,"109":1,"110":1,"111":1,"112":1,"113":2,"114":2,"115":2,"116":2,"117":2,"118":2,"119":1,"120":1,"121":1,"122":1,"123":1,"124":1,"125":1,"126":1,"127":1,"128":1,"129":1,"130":1,"131":1,"132":1,"133":1,"134":1,"135":1,"136":2,"137":0,"138":0,"139":1,"140":1,"141":1,"142":1,"143":1,"144":1,"145":0,"146":0,"147":0,"148":0,"149":0,"150":0,"151":0,"152":0,"153":0,"154":0,"155":0,"156":0,"157":0,"158":0,"159":0,"160":0,"161":0,"162":0,"163":0,"164":0,"165":0,"166":0,"167":0,"168":0,"169":0,"170":0,"171":0,"172":0,"173":0,"174":0,"175":1,"176":1,"177":1,"178":1,"179":1,"180":1,"181":0,"182":0,"183":0,"184":0,"185":0,"186":0,"187":0,"188":0,"189":0,"190":0,"191":0,"192":0,"193":0,"194":1,"195":1,"196":1,"197":1,"198":1,"199":1,"200":0,"201":0,"202":0,"203":0,"204":0,"205":0,"206":0,"207":0,"208":0,"209":0,"210":0,"211":0,"212":0,"213":0,"214":0,"215":1,"216":1,"217":1,"218":1,"219":1,"220":1,"221":0,"222":0,"223":0,"224":0,"225":0,"226":0,"227":0,"228":0,"229":0,"230":0,"231":0,"232":0,"233":0,"234":0,"235":1,"236":1,"237":1,"238":1,"239":1,"240":1,"241":2,"242":2,"243":2,"244":2,"245":2,"246":2,"247":1,"248":1,"249":1,"250":1,"251":1,"252":1,"253":1,"254":1,"255":1,"256":1,"257":1,"258":1,"259":1,"260":1,"261":1,"262":1,"263":1,"264":1,"265":1,"266":1,"267":1,"268":1,"269":1,"270":1,"271":1,"272":1,"273":1,"274":1,"275":1,"276":1,"277":1,"278":1,"279":1,"280":1,"281":1,"282":1,"283":1,"284":1,"285":1,"286":2,"287":1,"288":1,"289":1,"290":1,"291":1,"292":35,"293":35,"294":30,"295":30,"296":30,"297":35,"298":1,"299":1,"300":1,"301":2,"302":0,"303":0,"304":0,"305":2,"306":1,"307":1},"branchMap":{"0":{"type":"branch","line":11,"loc":{"start":{"line":11,"column":0},"end":{"line":28,"column":1}},"locations":[{"start":{"line":11,"column":0},"end":{"line":28,"column":1}}]},"1":{"type":"branch","line":19,"loc":{"start":{"line":19,"column":41},"end":{"line":26,"column":5}},"locations":[{"start":{"line":19,"column":41},"end":{"line":26,"column":5}}]},"2":{"type":"branch","line":22,"loc":{"start":{"line":22,"column":47},"end":{"line":24,"column":9}},"locations":[{"start":{"line":22,"column":47},"end":{"line":24,"column":9}}]},"3":{"type":"branch","line":36,"loc":{"start":{"line":36,"column":0},"end":{"line":63,"column":1}},"locations":[{"start":{"line":36,"column":0},"end":{"line":63,"column":1}}]},"4":{"type":"branch","line":41,"loc":{"start":{"line":41,"column":41},"end":{"line":60,"column":5}},"locations":[{"start":{"line":41,"column":41},"end":{"line":60,"column":5}}]},"5":{"type":"branch","line":44,"loc":{"start":{"line":44,"column":51},"end":{"line":58,"column":9}},"locations":[{"start":{"line":44,"column":51},"end":{"line":58,"column":9}}]},"6":{"type":"branch","line":45,"loc":{"start":{"line":45,"column":43},"end":{"line":51,"column":13}},"locations":[{"start":{"line":45,"column":43},"end":{"line":51,"column":13}}]},"7":{"type":"branch","line":51,"loc":{"start":{"line":51,"column":13},"end":{"line":57,"column":13}},"locations":[{"start":{"line":51,"column":13},"end":{"line":57,"column":13}}]},"8":{"type":"branch","line":51,"loc":{"start":{"line":51,"column":55},"end":{"line":55,"column":13}},"locations":[{"start":{"line":51,"column":55},"end":{"line":55,"column":13}}]},"9":{"type":"branch","line":55,"loc":{"start":{"line":55,"column":13},"end":{"line":57,"column":13}},"locations":[{"start":{"line":55,"column":13},"end":{"line":57,"column":13}}]},"10":{"type":"branch","line":71,"loc":{"start":{"line":71,"column":0},"end":{"line":107,"column":2}},"locations":[{"start":{"line":71,"column":0},"end":{"line":107,"column":2}}]},"11":{"type":"branch","line":114,"loc":{"start":{"line":114,"column":0},"end":{"line":143,"column":1}},"locations":[{"start":{"line":114,"column":0},"end":{"line":143,"column":1}}]},"12":{"type":"branch","line":119,"loc":{"start":{"line":119,"column":6},"end":{"line":137,"column":5}},"locations":[{"start":{"line":119,"column":6},"end":{"line":137,"column":5}}]},"13":{"type":"branch","line":137,"loc":{"start":{"line":137,"column":5},"end":{"line":139,"column":5}},"locations":[{"start":{"line":137,"column":5},"end":{"line":139,"column":5}}]},"14":{"type":"branch","line":140,"loc":{"start":{"line":140,"column":-2},"end":{"line":143,"column":1}},"locations":[{"start":{"line":140,"column":-2},"end":{"line":143,"column":1}}]},"15":{"type":"branch","line":130,"loc":{"start":{"line":130,"column":25},"end":{"line":136,"column":9}},"locations":[{"start":{"line":130,"column":25},"end":{"line":136,"column":9}}]},"16":{"type":"branch","line":242,"loc":{"start":{"line":242,"column":0},"end":{"line":306,"column":1}},"locations":[{"start":{"line":242,"column":0},"end":{"line":306,"column":1}}]},"17":{"type":"branch","line":247,"loc":{"start":{"line":247,"column":6},"end":{"line":287,"column":63}},"locations":[{"start":{"line":247,"column":6},"end":{"line":287,"column":63}}]},"18":{"type":"branch","line":287,"loc":{"start":{"line":287,"column":65},"end":{"line":302,"column":5}},"locations":[{"start":{"line":287,"column":65},"end":{"line":302,"column":5}}]},"19":{"type":"branch","line":292,"loc":{"start":{"line":292,"column":37},"end":{"line":298,"column":9}},"locations":[{"start":{"line":292,"column":37},"end":{"line":298,"column":9}}]},"20":{"type":"branch","line":294,"loc":{"start":{"line":294,"column":43},"end":{"line":297,"column":13}},"locations":[{"start":{"line":294,"column":43},"end":{"line":297,"column":13}}]},"21":{"type":"branch","line":302,"loc":{"start":{"line":302,"column":5},"end":{"line":305,"column":5}},"locations":[{"start":{"line":302,"column":5},"end":{"line":305,"column":5}}]}},"b":{"0":[2],"1":[1],"2":[35],"3":[2],"4":[1],"5":[11],"6":[1],"7":[10],"8":[1],"9":[9],"10":[4],"11":[2],"12":[1],"13":[0],"14":[1],"15":[1],"16":[2],"17":[1],"18":[1],"19":[35],"20":[30],"21":[0]},"fnMap":{"0":{"name":"dataParseSalas","decl":{"start":{"line":11,"column":0},"end":{"line":28,"column":1}},"loc":{"start":{"line":11,"column":0},"end":{"line":28,"column":1}},"line":11},"1":{"name":"dataParseHorario","decl":{"start":{"line":36,"column":0},"end":{"line":63,"column":1}},"loc":{"start":{"line":36,"column":0},"end":{"line":63,"column":1}},"line":36},"2":{"name":"fixTextLocal","decl":{"start":{"line":71,"column":0},"end":{"line":107,"column":2}},"loc":{"start":{"line":71,"column":0},"end":{"line":107,"column":2}},"line":71},"3":{"name":"extractNomeSalas","decl":{"start":{"line":114,"column":0},"end":{"line":143,"column":1}},"loc":{"start":{"line":114,"column":0},"end":{"line":143,"column":1}},"line":114},"4":{"name":"extractAttributeValues","decl":{"start":{"line":146,"column":0},"end":{"line":175,"column":1}},"loc":{"start":{"line":146,"column":0},"end":{"line":175,"column":1}},"line":146},"5":{"name":"getUCs","decl":{"start":{"line":182,"column":0},"end":{"line":194,"column":1}},"loc":{"start":{"line":182,"column":0},"end":{"line":194,"column":1}},"line":182},"6":{"name":"getCursos","decl":{"start":{"line":201,"column":0},"end":{"line":215,"column":1}},"loc":{"start":{"line":201,"column":0},"end":{"line":215,"column":1}},"line":201},"7":{"name":"getTurmas","decl":{"start":{"line":222,"column":0},"end":{"line":235,"column":1}},"loc":{"start":{"line":222,"column":0},"end":{"line":235,"column":1}},"line":222},"8":{"name":"extractAttributes","decl":{"start":{"line":242,"column":0},"end":{"line":306,"column":1}},"loc":{"start":{"line":242,"column":0},"end":{"line":306,"column":1}},"line":242}},"f":{"0":2,"1":2,"2":4,"3":2,"4":0,"5":0,"6":0,"7":0,"8":2}}
}
